#
# A fatal error has been detected by the Java Runtime Environment:
#
#  EXCEPTION_ACCESS_VIOLATION (0xc0000005) at pc=0x00000000776e7ff1, pid=17788, tid=5288
#
# JRE version: OpenJDK Runtime Environment (22.0+36) (build 22+36-2370)
# Java VM: OpenJDK 64-Bit Server VM (22+36-2370, mixed mode, sharing, tiered, compressed oops, compressed class ptrs, g1 gc, windows-amd64)
# Problematic frame:
# C  [QtGui4.dll+0x57ff1]
#
# No core dump will be written. Minidumps are not enabled by default on client versions of Windows
#
# If you would like to submit a bug report, please visit:
#   https://bugreport.java.com/bugreport/crash.jsp
# The crash happened outside the Java Virtual Machine in native code.
# See problematic frame for where to report the bug.
#

---------------  S U M M A R Y ------------

Command Line: -javaagent:C:\Program Files\JetBrains\IntelliJ IDEA 2024.2.3\lib\idea_rt.jar=57681:C:\Program Files\JetBrains\IntelliJ IDEA 2024.2.3\bin -Dfile.encoding=UTF-8 -Dsun.stdout.encoding=UTF-8 -Dsun.stderr.encoding=UTF-8 Main

Host: 11th Gen Intel(R) Core(TM) i7-1165G7 @ 2.80GHz, 8 cores, 15G,  Windows 11 , 64 bit Build 26100 (10.0.26100.2161)
Time: Sat Nov 16 19:10:26 2024 Hora estándar romance elapsed time: 641.943208 seconds (0d 0h 10m 41s)

---------------  T H R E A D  ---------------

Current thread (0x0000017d44b71480):  JavaThread "Finalizer" daemon [_thread_in_native, id=5288, stack(0x000000497be00000,0x000000497bf00000) (1024K)]

Stack: [0x000000497be00000,0x000000497bf00000],  sp=0x000000497beff330,  free space=1020k
Native frames: (J=compiled Java code, j=interpreted, Vv=VM code, C=native code)
C  [QtGui4.dll+0x57ff1]  (no source info available)
C  [com_trolltech_qt_gui.dll+0x1d7395]  (no source info available)
C  [qtjambi.dll+0x1644a]  (no source info available)
C  [qtjambi.dll+0x15d0e]  (no source info available)
C  [qtjambi.dll+0x17011]  (no source info available)
C  0x0000017d35906006  (no source info available)

The last pc belongs to native nmethod (printed below).
Java frames: (J=compiled Java code, j=interpreted, Vv=VM code)
J 880  com.trolltech.qt.internal.QtJambiObject.finalize()V (0 bytes) @ 0x0000017d35905f73 [0x0000017d35905f20+0x0000000000000053]
J 873 c1 java.lang.ref.Finalizer.runFinalizer(Ljdk/internal/access/JavaLangAccess;)V java.base@22 (135 bytes) @ 0x0000017d2df6c184 [0x0000017d2df6bb60+0x0000000000000624]
j  java.lang.ref.Finalizer$FinalizerThread.run()V+29 java.base@22
v  ~StubRoutines::call_stub 0x0000017d3532100d

siginfo: EXCEPTION_ACCESS_VIOLATION (0xc0000005), reading address 0x0000000000000008


Registers:
RAX=0x0000000000000000, RBX=0x0000017d8a148630, RCX=0x0000017d8a16aba8, RDX=0x0000017d8a148630
RSP=0x000000497beff330, RBP=0x0000000000000000, RSI=0x0000000050cde0a8, RDI=0x0000017d8a148630
R8 =0x0000000000000000, R9 =0x0000000000000003, R10=0x0000017d2387032c, R11=0x000000497beff1b0
R12=0x0000017d8a148630, R13=0x0000017d8a16aa60, R14=0x0000000000000000, R15=0x0000017d44b71800
RIP=0x00000000776e7ff1, EFLAGS=0x0000000000010202


Register to memory mapping:

RAX=0x0 is null
RBX=0x0000017d8a148630 points into unknown readable memory: 0x0000000077c8fe58 | 58 fe c8 77 00 00 00 00
RCX=0x0000017d8a16aba8 points into unknown readable memory: 0x0000000000000000 | 00 00 00 00 00 00 00 00
RDX=0x0000017d8a148630 points into unknown readable memory: 0x0000000077c8fe58 | 58 fe c8 77 00 00 00 00
RSP=0x000000497beff330 is pointing into the stack for thread: 0x0000017d44b71480
RBP=0x0 is null
RSI=0x0000000050cde0a8 QtCore4.dll
RDI=0x0000017d8a148630 points into unknown readable memory: 0x0000000077c8fe58 | 58 fe c8 77 00 00 00 00
R8 =0x0 is null
R9 =0x0000000000000003 is an unknown value
R10=0x0000017d2387032c points into unknown readable memory: 00 02 01 55
R11=0x000000497beff1b0 is pointing into the stack for thread: 0x0000017d44b71480
R12=0x0000017d8a148630 points into unknown readable memory: 0x0000000077c8fe58 | 58 fe c8 77 00 00 00 00
R13=0x0000017d8a16aa60 points into unknown readable memory: 0x0000000077ce5010 | 10 50 ce 77 00 00 00 00
R14=0x0 is null
R15=0x0000017d44b71800 points into unknown readable memory: 0x0000017d44a26b00 | 00 6b a2 44 7d 01 00 00

Top of Stack: (sp=0x000000497beff330)
0x000000497beff330:   0000017d8a148630 0000017d8a10b450
0x000000497beff340:   0000017d8a10b450 0000017d8a13c3a8
0x000000497beff350:   0000000050cde0a8 00007ffd00000001
0x000000497beff360:   0000000050cde0c0 0000000050cde0c0
0x000000497beff370:   00007ffd058cb370 0000017d44b71480
0x000000497beff380:   0000000000000000 00007ffd7b42f6f3
0x000000497beff390:   0000017d8a10b450 fffffffffffffffe
0x000000497beff3a0:   0000000077d36130 0000000000000000
0x000000497beff3b0:   0000017d8a10b450 000000497beff580
0x000000497beff3c0:   0000017d44b71840 0000017d8a148630
0x000000497beff3d0:   000000497beff608 0000000000000000
0x000000497beff3e0:   0000000000000001 0000017d8a10b450
0x000000497beff3f0:   0000017d8a148630 00007ffd67e57395
0x000000497beff400:   0000017d8a148630 0000000000000000
0x000000497beff410:   0000017d8a16aa60 0000000050cde0a8
0x000000497beff420:   fffffffffffffffe 00007ffd05309aab
0x000000497beff430:   0000000000000001 00007ffd7b42644a
0x000000497beff440:   0000017d8a148630 0000017d44f02330
0x000000497beff450:   0000017d8a10e9a0 0000000000000000
0x000000497beff460:   0000017d44b73fe0 00007ffd05a9eac0
0x000000497beff470:   fffffffffffffffe 00007ffd7b4277d2
0x000000497beff480:   0000017d44b71480 000000497beff680
0x000000497beff490:   0000000000030000 0000017d44b71840
0x000000497beff4a0:   000000497beff580 00007ffd7b425d0e
0x000000497beff4b0:   0000000000000000 0000017d8a10b450
0x000000497beff4c0:   000000497beff540 0000000704ede778
0x000000497beff4d0:   0000017d44b71840 00007ffd7b427011
0x000000497beff4e0:   0000017d8a10b450 0000017d8629b400
0x000000497beff4f0:   0000017d44b71840 0000017d8629b498
0x000000497beff500:   0000017d44b71480 000000497beff680
0x000000497beff510:   0000017d45017cb0 0000017d35906006
0x000000497beff520:   0000017d8641d490 000000497beff580 

Instructions: (pc=0x00000000776e7ff1)
0x00000000776e7ef1:   48 8b f9 ff 15 4e 49 59 00 48 8b c8 eb e1 48 8b
0x00000000776e7f01:   47 08 48 8b 88 88 00 00 00 48 85 c9 74 23 48 8b
0x00000000776e7f11:   49 10 48 85 c9 74 1a 48 83 c1 10 e8 8f 09 4a 00
0x00000000776e7f21:   84 c0 74 0d 48 8b 47 08 48 39 98 a0 00 00 00 74
0x00000000776e7f31:   0a e8 49 43 fc ff 48 3b c3 75 40 ba 07 00 00 00
0x00000000776e7f41:   33 c9 e8 88 bf fc ff 49 8b 5c 24 20 80 7b 0c 09
0x00000000776e7f51:   74 18 48 8b 1b ff 15 1c 7c 59 00 48 3b c3 75 0a
0x00000000776e7f61:   33 c9 ff 15 1f 7c 59 00 eb 11 33 d2 41 b8 05 80
0x00000000776e7f71:   00 00 49 8b cc e8 e5 0b 40 00 90 eb 13 45 33 f6
0x00000000776e7f81:   4c 8b a4 24 d0 00 00 00 4c 8b ac 24 e0 00 00 00
0x00000000776e7f91:   49 8b cd e8 07 e6 00 00 49 8b 4c 24 20 0f b6 41
0x00000000776e7fa1:   0c a8 01 74 32 8b 41 08 c1 e8 0f 24 01 74 28 48
0x00000000776e7fb1:   83 39 00 74 28 33 d2 49 8b cd e8 c0 1c 00 00 90
0x00000000776e7fc1:   eb 37 45 33 f6 4c 8b a4 24 d0 00 00 00 4c 8b ac
0x00000000776e7fd1:   24 e0 00 00 00 eb 22 48 83 39 00 75 1c 8b 41 08
0x00000000776e7fe1:   c1 e8 0f 24 01 74 12 ff 15 8a 48 59 00 49 8b d4
0x00000000776e7ff1:   48 8b 48 08 e8 86 b3 fc ff 49 8b 5d 08 48 8b cb
0x00000000776e8001:   ff 15 41 48 59 00 48 8b d0 48 8b 4b 20 0f b6 49
0x00000000776e8011:   0c f6 c1 01 75 20 48 85 d2 74 1b 48 8b da 48 8b
0x00000000776e8021:   ca ff 15 20 48 59 00 48 8b d0 48 8b 43 20 0f b6
0x00000000776e8031:   40 0c a8 01 74 e0 48 8b 43 08 48 8b 98 88 00 00
0x00000000776e8041:   00 48 85 db 74 0f 48 8b 5b 08 48 85 db 74 06 48
0x00000000776e8051:   8b 5b 10 eb 03 49 8b de 48 85 db 74 34 49 8b d4
0x00000000776e8061:   48 8b cb e8 b7 49 18 00 49 8b 44 24 20 8b 48 08
0x00000000776e8071:   c1 e9 05 80 e1 01 74 19 4c 89 a4 24 d8 00 00 00
0x00000000776e8081:   48 8d 4b 30 48 8d 94 24 d8 00 00 00 e8 1e ae 00
0x00000000776e8091:   00 49 8b 9d b0 00 00 00 48 85 db 74 10 48 8b cb
0x00000000776e80a1:   e8 7a bc 11 00 48 8b cb e8 02 09 53 00 4d 89 b5
0x00000000776e80b1:   b0 00 00 00 41 f7 45 20 00 02 00 00 74 09 49 8b
0x00000000776e80c1:   cc ff 15 88 54 59 00 49 8b 4d 78 48 85 c9 74 10
0x00000000776e80d1:   49 8b d4 48 8b 05 9d 54 59 00 ff 10 4d 89 75 78
0x00000000776e80e1:   49 8d 4d 18 ff 15 15 47 59 00 84 c0 75 09 49 8b 


Stack slot to memory mapping:

stack at sp + 0 slots: 0x0000017d8a148630 points into unknown readable memory: 0x0000000077c8fe58 | 58 fe c8 77 00 00 00 00
stack at sp + 1 slots: 0x0000017d8a10b450 points into unknown readable memory: 0x0000000000000000 | 00 00 00 00 00 00 00 00
stack at sp + 2 slots: 0x0000017d8a10b450 points into unknown readable memory: 0x0000000000000000 | 00 00 00 00 00 00 00 00
stack at sp + 3 slots: 0x0000017d8a13c3a8 points into unknown readable memory: 0x0000017d8641d170 | 70 d1 41 86 7d 01 00 00
stack at sp + 4 slots: 0x0000000050cde0a8 QtCore4.dll
stack at sp + 5 slots: 0x00007ffd00000001 is an unknown value
stack at sp + 6 slots: 0x0000000050cde0c0 QtCore4.dll
stack at sp + 7 slots: 0x0000000050cde0c0 QtCore4.dll


Compiled method (n/a) 642036  880     n 0       com.trolltech.qt.internal.QtJambiObject::finalize (native)
 total in heap  [0x0000017d35905d90,0x0000017d35906138] = 936
 relocation     [0x0000017d35905ee8,0x0000017d35905f18] = 48
 main code      [0x0000017d35905f20,0x0000017d3590612a] = 522
 stub code      [0x0000017d3590612a,0x0000017d35906130] = 6
 oops           [0x0000017d35906130,0x0000017d35906138] = 8

[Constant Pool (empty)]

[MachCode]
[Entry Point]
  # {method} {0x0000017d8641d498} 'finalize' '()V' in 'com/trolltech/qt/internal/QtJambiObject'
  #           [sp+0x70]  (sp of caller)
  0x0000017d35905f20: 448b 5208 | 49bb 0000 | 0045 7d01 | 0000 4d03 | d349 3bc2 | 0f84 0600 

  0x0000017d35905f38: ;   {runtime_call ic_miss_stub}
  0x0000017d35905f38: 0000 e941 | 8aa6 ff90 
[Verified Entry Point]
  0x0000017d35905f40: 8984 2400 | 80ff ff55 | 488b ec48 | 83ec 6090 | 4181 7f20 | 0400 0000 

  0x0000017d35905f58: ;   {runtime_call StubRoutines (final stubs)}
  0x0000017d35905f58: 7405 e821 | 0ba5 ff48 | 8954 2420 | 4883 fa00 | 488d 5424 | 2048 0f44 | 5424 20c5 

  0x0000017d35905f74: ;   {internal_word}
  0x0000017d35905f74: f877 49ba | 735f 9035 | 7d01 0000 | 4d89 97a8 | 0300 0049 | 89a7 a003 

  0x0000017d35905f8c: ;   {external_word}
  0x0000017d35905f8c: 0000 49ba | ac40 b005 | fd7f 0000 | 4180 3a00 | 0f84 4600 

  0x0000017d35905fa0: ;   {metadata({method} {0x0000017d8641d498} 'finalize' '()V' in 'com/trolltech/qt/internal/QtJambiObject')}
  0x0000017d35905fa0: 0000 5248 | ba90 d441 | 867d 0100 | 0049 8bcf | 4883 ec20 | 40f6 c40f | 0f84 1900 | 0000 4883 
  0x0000017d35905fc0: ;   {runtime_call}
  0x0000017d35905fc0: ec08 48b8 | 00b6 6005 | fd7f 0000 | ffd0 4883 | c408 e90c 

  0x0000017d35905fd4: ;   {runtime_call}
  0x0000017d35905fd4: 0000 0048 | b800 b660 | 05fd 7f00 | 00ff d048 | 83c4 205a | 498d 8fc0 | 0300 0041 | c787 5404 
  0x0000017d35905ff4: 0000 0400 

  0x0000017d35905ff8: ;   {runtime_call}
  0x0000017d35905ff8: 0000 48b8 | c0dd 427b | fd7f 0000 | ffd0 c5f8 | 7741 c787 | 5404 0000 | 0500 0000 | f083 4424 
  0x0000017d35906018: c000 493b | af58 0400 | 000f 870e | 0000 0041 | 83bf 5004 | 0000 000f | 8423 0000 | 00c5 f877 
  0x0000017d35906038: 498b cf4c | 8be4 4883 | ec20 4883 

  0x0000017d35906044: ;   {runtime_call}
  0x0000017d35906044: e4f0 48b8 | c01f 2b05 | fd7f 0000 | ffd0 498b | e44d 33e4 | 41c7 8754 | 0400 0008 | 0000 0041 
  0x0000017d35906064: 83bf d004 | 0000 020f | 8494 0000 

  0x0000017d35906070: ;   {external_word}
  0x0000017d35906070: 0049 baac | 40b0 05fd | 7f00 0041 | 803a 000f | 8444 0000 

  0x0000017d35906084: ;   {metadata({method} {0x0000017d8641d498} 'finalize' '()V' in 'com/trolltech/qt/internal/QtJambiObject')}
  0x0000017d35906084: 0048 ba90 | d441 867d | 0100 0049 | 8bcf 4883 | ec20 40f6 | c40f 0f84 | 1900 0000 | 4883 ec08 
  0x0000017d359060a4: ;   {runtime_call}
  0x0000017d359060a4: 48b8 00b6 | 6005 fd7f | 0000 ffd0 | 4883 c408 | e90c 0000 

  0x0000017d359060b8: ;   {runtime_call}
  0x0000017d359060b8: 0048 b800 | b660 05fd | 7f00 00ff | d048 83c4 | 2049 c787 | a003 0000 | 0000 0000 | 49c7 87a8 
  0x0000017d359060d8: 0300 0000 | 0000 00c5 | f877 498b | 8f30 0400 | 00c7 8100 | 0100 0000 | 0000 00c9 | 4983 7f08 
  0x0000017d359060f8: 000f 8501 | 0000 00c3 

  0x0000017d35906100: ;   {runtime_call StubRoutines (initial stubs)}
  0x0000017d35906100: e9fb ada1 | ffc5 f877 | 4c8b e448 | 83ec 2048 

  0x0000017d35906110: ;   {runtime_call}
  0x0000017d35906110: 83e4 f048 | b850 ee60 | 05fd 7f00 | 00ff d049 | 8be4 4d33 | e4e9 47ff | ffff f4f4 | f4f4 f4f4 
[/MachCode]


Compiled method (c1) 642039  873   !   3       java.lang.ref.Finalizer::runFinalizer (135 bytes)
 total in heap  [0x0000017d2df6b910,0x0000017d2df6c9c0] = 4272
 relocation     [0x0000017d2df6ba68,0x0000017d2df6bb48] = 224
 main code      [0x0000017d2df6bb60,0x0000017d2df6c5c0] = 2656
 stub code      [0x0000017d2df6c5c0,0x0000017d2df6c638] = 120
 oops           [0x0000017d2df6c638,0x0000017d2df6c640] = 8
 metadata       [0x0000017d2df6c640,0x0000017d2df6c678] = 56
 scopes data    [0x0000017d2df6c678,0x0000017d2df6c750] = 216
 scopes pcs     [0x0000017d2df6c750,0x0000017d2df6c880] = 304
 dependencies   [0x0000017d2df6c880,0x0000017d2df6c890] = 16
 handler table  [0x0000017d2df6c890,0x0000017d2df6c980] = 240
 nul chk table  [0x0000017d2df6c980,0x0000017d2df6c9c0] = 64

[Constant Pool (empty)]

[MachCode]
[Entry Point]
  # {method} {0x0000017d4503a5b8} 'runFinalizer' '(Ljdk/internal/access/JavaLangAccess;)V' in 'java/lang/ref/Finalizer'
  # this:     rdx:rdx   = 'java/lang/ref/Finalizer'
  # parm0:    r8:r8     = 'jdk/internal/access/JavaLangAccess'
  #           [sp+0x70]  (sp of caller)
  0x0000017d2df6bb60: 448b 5208 | 49bb 0000 | 0045 7d01 | 0000 4d03 | d34c 3bd0 

  0x0000017d2df6bb74: ;   {runtime_call ic_miss_stub}
  0x0000017d2df6bb74: 0f85 062e | 4007 660f | 1f44 0000 
[Verified Entry Point]
  0x0000017d2df6bb80: 8984 2400 | 80ff ff55 | 4883 ec60 | 4181 7f20 | 0400 0000 

  0x0000017d2df6bb94: ;   {runtime_call StubRoutines (final stubs)}
  0x0000017d2df6bb94: 7405 e8e5 

  0x0000017d2df6bb98: ;   {metadata(method data for {method} {0x0000017d4503a5b8} 'runFinalizer' '(Ljdk/internal/access/JavaLangAccess;)V' in 'java/lang/ref/Finalizer')}
  0x0000017d2df6bb98: ae3e 0748 | b878 ad29 | 867d 0100 | 008b b0cc | 0000 0083 | c602 89b0 | cc00 0000 | 81e6 fe07 
  0x0000017d2df6bbb8: 0000 85f6 | 0f84 b407 

  0x0000017d2df6bbc0: ;   {oop(a 'java/lang/Object'{0x0000000704dd2bb0})}
  0x0000017d2df6bbc0: 0000 48be | b02b dd04 | 0700 0000 | 488d 7c24 | 4048 8977 | 0848 8b06 | 4883 c801 | 4889 07f0 
  0x0000017d2df6bbe0: 480f b13e | 0f84 1200 | 0000 482b | c448 2507 | f0ff ff48 | 8907 0f85 | a007 0000 | 49ff 8758 
  0x0000017d2df6bc00: 0500 008b | 421c 48c1 | e003 483b 

  0x0000017d2df6bc0c: ;   {metadata(method data for {method} {0x0000017d4503a5b8} 'runFinalizer' '(Ljdk/internal/access/JavaLangAccess;)V' in 'java/lang/ref/Finalizer')}
  0x0000017d2df6bc0c: c248 be78 | ad29 867d | 0100 0048 | c7c7 2801 | 0000 7407 | 48c7 c718 | 0100 0048 | 8b1c 3e48 
  0x0000017d2df6bc2c: 8d5b 0148 | 891c 3e0f | 8490 0500 

  0x0000017d2df6bc38: ;   {oop(a 'java/lang/Class'{0x0000000704dd2b30} = 'java/lang/ref/Finalizer')}
  0x0000017d2df6bc38: 0048 be30 | 2bdd 0407 | 0000 008b | 7674 48c1 | e603 483b 

  0x0000017d2df6bc4c: ;   {metadata(method data for {method} {0x0000017d4503a5b8} 'runFinalizer' '(Ljdk/internal/access/JavaLangAccess;)V' in 'java/lang/ref/Finalizer')}
  0x0000017d2df6bc4c: f248 be78 | ad29 867d | 0100 0048 | c7c7 3801 | 0000 7507 | 48c7 c748 | 0100 0048 | 8b1c 3e48 
  0x0000017d2df6bc6c: 8d5b 0148 | 891c 3e0f | 854b 0000 

  0x0000017d2df6bc78: ;   {oop(a 'java/lang/Class'{0x0000000704dd2b30} = 'java/lang/ref/Finalizer')}
  0x0000017d2df6bc78: 0048 be30 | 2bdd 0407 | 0000 0041 | 0fbe 7f38 | 85ff 0f85 | 1f07 0000 | 4c8b d049 | c1ea 0344 
  0x0000017d2df6bc98: 8956 7448 | 8bfe 4833 | f848 c1ef | 1548 83ff | 000f 851f 

  0x0000017d2df6bcac: ;   {metadata(method data for {method} {0x0000017d4503a5b8} 'runFinalizer' '(Ljdk/internal/access/JavaLangAccess;)V' in 'java/lang/ref/Finalizer')}
  0x0000017d2df6bcac: 0700 0048 | b878 ad29 | 867d 0100 | 00ff 8058 | 0100 00e9 | 3300 0000 | 8b72 2048 | c1e6 0341 
  0x0000017d2df6bccc: 0fbe 7f38 | 85ff 0f85 | 0e07 0000 | 4c8b d049 | c1ea 0344 | 8956 1c48 | 8bfe 4833 | f848 c1ef 
  0x0000017d2df6bcec: 1548 83ff | 000f 8513 | 0700 008b | 421c 48c1 | e003 4885 

  0x0000017d2df6bd00: ;   {metadata(method data for {method} {0x0000017d4503a5b8} 'runFinalizer' '(Ljdk/internal/access/JavaLangAccess;)V' in 'java/lang/ref/Finalizer')}
  0x0000017d2df6bd00: c048 be78 | ad29 867d | 0100 0048 | c7c7 7001 | 0000 7407 | 48c7 c780 | 0100 0048 | 8b1c 3e48 
  0x0000017d2df6bd20: 8d5b 0148 | 891c 3e0f | 8433 0000 | 008b 7220 | 48c1 e603 | 410f be7f | 3885 ff0f | 85e1 0600 
  0x0000017d2df6bd40: 004c 8bd6 | 49c1 ea03 

  0x0000017d2df6bd48: ; implicit exception: dispatches to 0x0000017d2df6c441
  0x0000017d2df6bd48: 4489 5020 | 488b f848 | 33fe 48c1 | ef15 4883 | ff00 0f85 | e606 0000 | 410f be47 | 3885 c00f 
  0x0000017d2df6bd68: 85f1 0600 | 00c7 4220 | 0000 0000 | 410f be47 | 3885 c00f | 85fc 0600 | 004c 8bd2 | 49c1 ea03 
  0x0000017d2df6bd88: 4489 521c | 488b c248 | 33c2 48c1 | e815 4883 | f800 0f85 | fc06 0000 

  0x0000017d2df6bda0: ;   {oop(a 'java/lang/Object'{0x0000000704dd2bb0})}
  0x0000017d2df6bda0: 48b8 b02b | dd04 0700 | 0000 488d | 4424 4048 | 8b30 4885 | f60f 840f | 0000 0048 | 8b78 08f0 
  0x0000017d2df6bdc0: 480f b137 | 0f85 ea06 | 0000 49ff | 8f58 0500 

  0x0000017d2df6bdd0: ;   {metadata(method data for {method} {0x0000017d4503a5b8} 'runFinalizer' '(Ljdk/internal/access/JavaLangAccess;)V' in 'java/lang/ref/Finalizer')}
  0x0000017d2df6bdd0: 0048 be78 | ad29 867d | 0100 00ff | 8690 0100 | 004c 8944 | 2428 488b 

  0x0000017d2df6bde8: ;   {metadata(method data for {method} {0x0000017d4503a5b8} 'runFinalizer' '(Ljdk/internal/access/JavaLangAccess;)V' in 'java/lang/ref/Finalizer')}
  0x0000017d2df6bde8: f248 bf78 | ad29 867d | 0100 008b | 7608 49ba | 0000 0045 | 7d01 0000 | 4903 f248 | 3bb7 b001 
  0x0000017d2df6be08: 0000 750d | 4883 87b8 | 0100 0001 | e960 0000 | 0048 3bb7 | c001 0000 | 750d 4883 | 87c8 0100 
  0x0000017d2df6be28: 0001 e94a | 0000 0048 | 83bf b001 | 0000 0075 | 1748 89b7 | b001 0000 | 48c7 87b8 | 0100 0001 
  0x0000017d2df6be48: 0000 00e9 | 2900 0000 | 4883 bfc0 | 0100 0000 | 7517 4889 | b7c0 0100 | 0048 c787 | c801 0000 
  0x0000017d2df6be68: 0100 0000 | e908 0000 | 0048 8387 | a801 0000 

  0x0000017d2df6be78: ;   {metadata(method data for {method} {0x0000017d45038488} 'get' '()Ljava/lang/Object;' in 'java/lang/ref/FinalReference')}
  0x0000017d2df6be78: 0148 bee8 | b029 867d | 0100 008b | becc 0000 | 0083 c702 | 89be cc00 | 0000 81e7 | feff 1f00 
  0x0000017d2df6be98: 85ff 0f84 | 2706 0000 

  0x0000017d2df6bea0: ;   {metadata(method data for {method} {0x0000017d45038488} 'get' '()Ljava/lang/Object;' in 'java/lang/ref/FinalReference')}
  0x0000017d2df6bea0: 488b f248 | bfe8 b029 | 867d 0100 | 008b 7608 | 49ba 0000 | 0045 7d01 | 0000 4903 | f248 3bb7 
  0x0000017d2df6bec0: 2001 0000 | 750d 4883 | 8728 0100 | 0001 e960 | 0000 0048 | 3bb7 3001 | 0000 750d | 4883 8738 
  0x0000017d2df6bee0: 0100 0001 | e94a 0000 | 0048 83bf | 2001 0000 | 0075 1748 | 89b7 2001 | 0000 48c7 | 8728 0100 
  0x0000017d2df6bf00: 0001 0000 | 00e9 2900 | 0000 4883 | bf30 0100 | 0000 7517 | 4889 b730 | 0100 0048 | c787 3801 
  0x0000017d2df6bf20: 0000 0100 | 0000 e908 | 0000 0048 | 8387 1801 | 0000 0148 | 8bf2 488b | d648 8974 

  0x0000017d2df6bf3c: ;   {optimized virtual_call}
  0x0000017d2df6bf3c: 2430 90e8 

  0x0000017d2df6bf40: ; ImmutableOopMap {[40]=Oop [48]=Oop }
                      ;*invokevirtual getFromInactiveFinalReference {reexecute=0 rethrow=0 return_oop=0}
                      ; - java.lang.ref.FinalReference::get@1 (line 42)
                      ; - java.lang.ref.Finalizer::runFinalizer@84 (line 93)
  0x0000017d2df6bf40: 7c10 0000 

  0x0000017d2df6bf44: ;   {other}
  0x0000017d2df6bf44: 0f1f 8400 | 3406 0000 

  0x0000017d2df6bf4c: ;   {metadata(method data for {method} {0x0000017d4503a5b8} 'runFinalizer' '(Ljdk/internal/access/JavaLangAccess;)V' in 'java/lang/ref/Finalizer')}
  0x0000017d2df6bf4c: 48ba 78ad | 2986 7d01 | 0000 ff82 | d801 0000 

  0x0000017d2df6bf5c: ;   {metadata(method data for {method} {0x0000017d4503a5b8} 'runFinalizer' '(Ljdk/internal/access/JavaLangAccess;)V' in 'java/lang/ref/Finalizer')}
  0x0000017d2df6bf5c: 4885 c048 | bf78 ad29 | 867d 0100 | 0075 0c80 | 8f21 0200 | 0001 e9af | 0000 008b | 5808 49ba 
  0x0000017d2df6bf7c: 0000 0045 | 7d01 0000 | 4903 da48 | 3b9f 3002 | 0000 750d | 4883 8738 | 0200 0001 | e960 0000 
  0x0000017d2df6bf9c: 0048 3b9f | 4002 0000 | 750d 4883 | 8748 0200 | 0001 e94a | 0000 0048 | 83bf 3002 | 0000 0075 
  0x0000017d2df6bfbc: 1748 899f | 3002 0000 | 48c7 8738 | 0200 0001 | 0000 00e9 | 2900 0000 | 4883 bf40 | 0200 0000 
  0x0000017d2df6bfdc: 7517 4889 | 9f40 0200 | 0048 c787 | 4802 0000 | 0100 0000 | e908 0000 | 0048 8387 | 2802 0000 
  0x0000017d2df6bffc: ;   {metadata('java/lang/Enum')}
  0x0000017d2df6bffc: 0148 bb40 | 9103 457d | 0100 008b | 7808 49ba | 0000 0045 | 7d01 0000 | 4903 fa48 | 3b5f 380f 
  0x0000017d2df6c01c: 8505 0000 | 00e9 0500 | 0000 4833 | d2eb 0748 | c7c2 0100 | 0000 85d2 

  0x0000017d2df6c034: ;   {metadata(method data for {method} {0x0000017d4503a5b8} 'runFinalizer' '(Ljdk/internal/access/JavaLangAccess;)V' in 'java/lang/ref/Finalizer')}
  0x0000017d2df6c034: 48ba 78ad | 2986 7d01 | 0000 48c7 | c658 0200 | 0075 0748 | c7c6 6802 | 0000 488b | 3c32 488d 
  0x0000017d2df6c054: 7f01 4889 | 3c32 0f85 | 5401 0000 | 4c8b 4424 | 284d 85c0 | 0f84 2a00 

  0x0000017d2df6c06c: ;   {metadata('java/lang/System$2')}
  0x0000017d2df6c06c: 0000 48bb | b07c 0145 | 7d01 0000 | 418b 7808 | 49ba 0000 | 0045 7d01 | 0000 4903 | fa48 3b5f 
  0x0000017d2df6c08c: 380f 8555 | 0400 00e9 | 0000 0000 | 498b d049 

  0x0000017d2df6c09c: ;   {metadata(method data for {method} {0x0000017d4503a5b8} 'runFinalizer' '(Ljdk/internal/access/JavaLangAccess;)V' in 'java/lang/ref/Finalizer')}
  0x0000017d2df6c09c: 3b00 48ba | 78ad 2986 | 7d01 0000 | 4883 8288 | 0200 0001 

  0x0000017d2df6c0b0: ;   {metadata(method data for {method} {0x0000017d45019348} 'invokeFinalize' '(Ljava/lang/Object;)V' in 'java/lang/System$2')}
  0x0000017d2df6c0b0: 48ba 98b4 | 2986 7d01 | 0000 8bb2 | cc00 0000 | 83c6 0289 | b2cc 0000 | 0081 e6fe | ff1f 0085 
  0x0000017d2df6c0d0: f60f 841b | 0400 0048 | 3b00 488b 

  0x0000017d2df6c0dc: ;   {metadata(method data for {method} {0x0000017d45019348} 'invokeFinalize' '(Ljava/lang/Object;)V' in 'java/lang/System$2')}
  0x0000017d2df6c0dc: d048 be98 | b429 867d | 0100 008b | 5208 49ba | 0000 0045 | 7d01 0000 | 4903 d248 | 3b96 2001 
  0x0000017d2df6c0fc: 0000 750d | 4883 8628 | 0100 0001 | e960 0000 | 0048 3b96 | 3001 0000 | 750d 4883 | 8638 0100 
  0x0000017d2df6c11c: 0001 e94a | 0000 0048 | 83be 2001 | 0000 0075 | 1748 8996 | 2001 0000 | 48c7 8628 | 0100 0001 
  0x0000017d2df6c13c: 0000 00e9 | 2900 0000 | 4883 be30 | 0100 0000 | 7517 4889 | 9630 0100 | 0048 c786 | 3801 0000 
  0x0000017d2df6c15c: 0100 0000 | e908 0000 | 0048 8386 | 1801 0000 | 0148 8bd0 | 4889 4424 | 3848 b8ff | ffff ffff 
  0x0000017d2df6c17c: ;   {virtual_call}
  0x0000017d2df6c17c: ffff ffe8 

  0x0000017d2df6c180: ; ImmutableOopMap {[48]=Oop [56]=Oop }
                      ;*invokevirtual finalize {reexecute=0 rethrow=0 return_oop=0}
                      ; - java.lang.System$2::invokeFinalize@1 (line 2392)
                      ; - java.lang.ref.Finalizer::runFinalizer@115 (line 96)
  0x0000017d2df6c180: 2c64 4e07 

  0x0000017d2df6c184: ;   {other}
  0x0000017d2df6c184: 0f1f 8400 | 7408 0001 

  0x0000017d2df6c18c: ;   {metadata(method data for {method} {0x0000017d4503a5b8} 'runFinalizer' '(Ljdk/internal/access/JavaLangAccess;)V' in 'java/lang/ref/Finalizer')}
  0x0000017d2df6c18c: 48ba 78ad | 2986 7d01 | 0000 4883 | 82a8 0200 | 0001 488b | 5424 380f 

  0x0000017d2df6c1a4: ;   {static_call}
  0x0000017d2df6c1a4: 1f40 00e8 

  0x0000017d2df6c1a8: ; ImmutableOopMap {[48]=Oop }
                      ;*invokestatic reportComplete {reexecute=0 rethrow=0 return_oop=0}
                      ; - java.lang.ref.Finalizer::runFinalizer@121 (line 97)
  0x0000017d2df6c1a8: 9499 9907 

  0x0000017d2df6c1ac: ;   {other}
  0x0000017d2df6c1ac: 0f1f 8400 | 9c08 0002 

  0x0000017d2df6c1b4: ;   {metadata(method data for {method} {0x0000017d4503a5b8} 'runFinalizer' '(Ljdk/internal/access/JavaLangAccess;)V' in 'java/lang/ref/Finalizer')}
  0x0000017d2df6c1b4: 48b8 78ad | 2986 7d01 | 0000 ff80 | b802 0000 | e95f 0000 

  0x0000017d2df6c1c8: ;   {oop(a 'java/lang/Object'{0x0000000704dd2bb0})}
  0x0000017d2df6c1c8: 0048 b8b0 | 2bdd 0407 | 0000 0048 | 8d44 2440 | 488b 1048 | 85d2 0f84 | 0f00 0000 | 488b 7008 
  0x0000017d2df6c1e8: f048 0fb1 | 160f 8525 | 0300 0049 | ff8f 5805 | 0000 4883 

  0x0000017d2df6c1fc: ;   {poll_return}
  0x0000017d2df6c1fc: c460 5d49 | 3ba7 5804 | 0000 0f87 | 1f03 0000 | c349 8b87 | 0805 0000 | 4d33 d24d | 8997 0805 
  0x0000017d2df6c21c: 0000 4d33 | d24d 8997 | 1005 0000 | 488b 5424 | 3048 8bf2 

  0x0000017d2df6c230: ;   {metadata(method data for {method} {0x0000017d4503a5b8} 'runFinalizer' '(Ljdk/internal/access/JavaLangAccess;)V' in 'java/lang/ref/Finalizer')}
  0x0000017d2df6c230: 48bf 78ad | 2986 7d01 | 0000 4883 | 87d0 0200 

  0x0000017d2df6c240: ;   {metadata(method data for {method} {0x0000017d45038580} 'clear' '()V' in 'java/lang/ref/FinalReference')}
  0x0000017d2df6c240: 0001 48be | 28b6 2986 | 7d01 0000 | 8bbe cc00 | 0000 83c7 | 0289 becc | 0000 0081 | e7fe ff1f 
  0x0000017d2df6c260: 0085 ff0f | 84d8 0200 | 0048 8bf2 

  0x0000017d2df6c26c: ;   {metadata(method data for {method} {0x0000017d45038580} 'clear' '()V' in 'java/lang/ref/FinalReference')}
  0x0000017d2df6c26c: 48bf 28b6 | 2986 7d01 | 0000 8b76 | 0849 ba00 | 0000 457d | 0100 0049 | 03f2 483b | b720 0100 
  0x0000017d2df6c28c: 0075 0d48 | 8387 2801 | 0000 01e9 | 6000 0000 | 483b b730 | 0100 0075 | 0d48 8387 | 3801 0000 
  0x0000017d2df6c2ac: 01e9 4a00 | 0000 4883 | bf20 0100 | 0000 7517 | 4889 b720 | 0100 0048 | c787 2801 | 0000 0100 
  0x0000017d2df6c2cc: 0000 e929 | 0000 0048 | 83bf 3001 | 0000 0075 | 1748 89b7 | 3001 0000 | 48c7 8738 | 0100 0001 
  0x0000017d2df6c2ec: 0000 00e9 | 0800 0000 | 4883 8718 | 0100 0001 

  0x0000017d2df6c2fc: ;   {optimized virtual_call}
  0x0000017d2df6c2fc: 6666 90e8 

  0x0000017d2df6c300: ; ImmutableOopMap {}
                      ;*invokevirtual clearInactiveFinalReference {reexecute=0 rethrow=0 return_oop=0}
                      ; - java.lang.ref.FinalReference::clear@1 (line 50)
                      ; - java.lang.ref.Finalizer::runFinalizer@131 (line 104)
  0x0000017d2df6c300: 3c14 0000 

  0x0000017d2df6c304: ;   {other}
  0x0000017d2df6c304: 0f1f 8400 | f409 0003 | 4883 c460 

  0x0000017d2df6c310: ;   {poll_return}
  0x0000017d2df6c310: 5d49 3ba7 | 5804 0000 | 0f87 4402 | 0000 c349 | 8b87 0805 | 0000 4d33 | d24d 8997 | 0805 0000 
  0x0000017d2df6c330: 4d33 d24d | 8997 1005 | 0000 488b 

  0x0000017d2df6c33c: ;   {oop(a 'java/lang/Object'{0x0000000704dd2bb0})}
  0x0000017d2df6c33c: f048 b8b0 | 2bdd 0407 | 0000 0048 | 8d44 2440 | 488b 3848 | 85ff 0f84 | 0f00 0000 | 488b 5808 
  0x0000017d2df6c35c: f048 0fb1 | 3b0f 8511 | 0200 0049 | ff8f 5805 | 0000 488b | c6e9 3c02 

  0x0000017d2df6c374: ;   {metadata({method} {0x0000017d4503a5b8} 'runFinalizer' '(Ljdk/internal/access/JavaLangAccess;)V' in 'java/lang/ref/Finalizer')}
  0x0000017d2df6c374: 0000 49ba | b0a5 0345 | 7d01 0000 | 4c89 5424 | 0848 c704 | 24ff ffff 

  0x0000017d2df6c38c: ;   {runtime_call counter_overflow Runtime1 stub}
  0x0000017d2df6c38c: ffe8 6eb8 

  0x0000017d2df6c390: ; ImmutableOopMap {rdx=Oop r8=Oop }
                      ;*synchronization entry
                      ; - java.lang.ref.Finalizer::runFinalizer@-1 (line 78)
  0x0000017d2df6c390: 4d07 e92b 

  0x0000017d2df6c394: ;   {runtime_call throw_null_pointer_exception Runtime1 stub}
  0x0000017d2df6c394: f8ff ffe8 

  0x0000017d2df6c398: ; ImmutableOopMap {rdx=Oop r8=Oop rsi=Oop }
                      ;*monitorenter {reexecute=0 rethrow=0 return_oop=0}
                      ; - java.lang.ref.Finalizer::runFinalizer@5 (line 78)
  0x0000017d2df6c398: 044a 4d07 | 4889 7424 | 0848 893c 

  0x0000017d2df6c3a4: ;   {runtime_call monitorenter_nofpu Runtime1 stub}
  0x0000017d2df6c3a4: 24e8 568e 

  0x0000017d2df6c3a8: ; ImmutableOopMap {rdx=Oop r8=Oop rsi=Oop [72]=Oop }
                      ;*monitorenter {reexecute=0 rethrow=0 return_oop=0}
                      ; - java.lang.ref.Finalizer::runFinalizer@5 (line 78)
  0x0000017d2df6c3a8: 4d07 e954 | f8ff ff8b | 7e74 48c1 | e703 4883 | ff00 0f84 | d0f8 ffff | 4889 3c24 

  0x0000017d2df6c3c4: ;   {runtime_call g1_pre_barrier_slow}
  0x0000017d2df6c3c4: e837 bf4d | 07e9 c2f8 | ffff 4883 | f800 0f84 | d7f8 ffff | 4889 3424 

  0x0000017d2df6c3dc: ;   {runtime_call g1_post_barrier_slow}
  0x0000017d2df6c3dc: e89f c24d | 07e9 c9f8 | ffff 8b7e | 1c48 c1e7 | 0348 83ff | 000f 84e1 | f8ff ff48 

  0x0000017d2df6c3f8: ;   {runtime_call g1_pre_barrier_slow}
  0x0000017d2df6c3f8: 893c 24e8 | 00bf 4d07 | e9d3 f8ff 

  0x0000017d2df6c404: ;   {runtime_call throw_null_pointer_exception Runtime1 stub}
  0x0000017d2df6c404: ffe8 9649 

  0x0000017d2df6c408: ; ImmutableOopMap {rdx=Oop r8=Oop rax=Oop rsi=Oop [72]=Oop }
                      ;*putfield next {reexecute=1 rethrow=0 return_oop=0}
                      ; - (reexecute) java.lang.ref.Finalizer::runFinalizer@42 (line 85)
  0x0000017d2df6c408: 4d07 4883 | f800 0f84 | e3f8 ffff | 4889 3424 

  0x0000017d2df6c418: ;   {runtime_call g1_post_barrier_slow}
  0x0000017d2df6c418: e863 c24d | 07e9 d5f8 | ffff 8b78 | 2048 c1e7 | 0348 83ff | 000f 840e | f9ff ff48 

  0x0000017d2df6c434: ;   {runtime_call g1_pre_barrier_slow}
  0x0000017d2df6c434: 893c 24e8 | c4be 4d07 | e900 f9ff 

  0x0000017d2df6c440: ;   {runtime_call throw_null_pointer_exception Runtime1 stub}
  0x0000017d2df6c440: ffe8 5a49 

  0x0000017d2df6c444: ; ImmutableOopMap {rdx=Oop r8=Oop rax=Oop rsi=Oop [72]=Oop }
                      ;*putfield prev {reexecute=1 rethrow=0 return_oop=0}
                      ; - (reexecute) java.lang.ref.Finalizer::runFinalizer@60 (line 87)
  0x0000017d2df6c444: 4d07 4883 | fe00 0f84 | 10f9 ffff | 4889 0424 

  0x0000017d2df6c454: ;   {runtime_call g1_post_barrier_slow}
  0x0000017d2df6c454: e827 c24d | 07e9 02f9 | ffff 8b42 | 2048 c1e0 | 0348 83f8 | 000f 84fe | f8ff ff48 

  0x0000017d2df6c470: ;   {runtime_call g1_pre_barrier_slow}
  0x0000017d2df6c470: 8904 24e8 | 88be 4d07 | e9f0 f8ff | ff8b 421c | 48c1 e003 | 4883 f800 | 0f84 f3f8 | ffff 4889 
  0x0000017d2df6c490: ;   {runtime_call g1_pre_barrier_slow}
  0x0000017d2df6c490: 0424 e869 | be4d 07e9 | e5f8 ffff | 4883 fa00 | 0f84 faf8 | ffff 4889 

  0x0000017d2df6c4a8: ;   {runtime_call g1_post_barrier_slow}
  0x0000017d2df6c4a8: 1424 e8d1 | c14d 07e9 | ecf8 ffff | 488d 4424 | 4048 8904 

  0x0000017d2df6c4bc: ;   {runtime_call monitorexit_nofpu Runtime1 stub}
  0x0000017d2df6c4bc: 24e8 be93 | 4d07 e90a 

  0x0000017d2df6c4c4: ;   {metadata({method} {0x0000017d45038488} 'get' '()Ljava/lang/Object;' in 'java/lang/ref/FinalReference')}
  0x0000017d2df6c4c4: f9ff ff49 | ba80 8403 | 457d 0100 | 004c 8954 | 2408 48c7 | 0424 ffff 

  0x0000017d2df6c4dc: ;   {runtime_call counter_overflow Runtime1 stub}
  0x0000017d2df6c4dc: ffff e81d 

  0x0000017d2df6c4e0: ; ImmutableOopMap {rdx=Oop [40]=Oop }
                      ;*synchronization entry
                      ; - java.lang.ref.FinalReference::get@-1 (line 42)
                      ; - java.lang.ref.Finalizer::runFinalizer@84 (line 93)
  0x0000017d2df6c4e0: b74d 07e9 | b8f9 ffff 

  0x0000017d2df6c4e8: ;   {runtime_call throw_incompatible_class_change_error Runtime1 stub}
  0x0000017d2df6c4e8: e8b3 7d4d 

  0x0000017d2df6c4ec: ; ImmutableOopMap {r8=Oop rax=Oop [48]=Oop }
                      ;*invokeinterface invokeFinalize {reexecute=0 rethrow=0 return_oop=0}
                      ; - java.lang.ref.Finalizer::runFinalizer@115 (line 96)
                      ;   {runtime_call throw_null_pointer_exception Runtime1 stub}
  0x0000017d2df6c4ec: 07e8 ae48 

  0x0000017d2df6c4f0: ; ImmutableOopMap {r8=Oop rax=Oop [48]=Oop }
                      ;*invokeinterface invokeFinalize {reexecute=0 rethrow=0 return_oop=0}
                      ; - java.lang.ref.Finalizer::runFinalizer@115 (line 96)
                      ;   {metadata({method} {0x0000017d45019348} 'invokeFinalize' '(Ljava/lang/Object;)V' in 'java/lang/System$2')}
  0x0000017d2df6c4f0: 4d07 49ba | 4093 0145 | 7d01 0000 | 4c89 5424 | 0848 c704 | 24ff ffff 

  0x0000017d2df6c508: ;   {runtime_call counter_overflow Runtime1 stub}
  0x0000017d2df6c508: ffe8 f2b6 

  0x0000017d2df6c50c: ; ImmutableOopMap {rax=Oop [48]=Oop }
                      ;*synchronization entry
                      ; - java.lang.System$2::invokeFinalize@-1 (line 2392)
                      ; - java.lang.ref.Finalizer::runFinalizer@115 (line 96)
  0x0000017d2df6c50c: 4d07 e9c4 

  0x0000017d2df6c510: ;   {runtime_call throw_null_pointer_exception Runtime1 stub}
  0x0000017d2df6c510: fbff ffe8 

  0x0000017d2df6c514: ; ImmutableOopMap {rax=Oop [48]=Oop }
                      ;*invokevirtual finalize {reexecute=0 rethrow=0 return_oop=0}
                      ; - java.lang.System$2::invokeFinalize@1 (line 2392)
                      ; - java.lang.ref.Finalizer::runFinalizer@115 (line 96)
  0x0000017d2df6c514: 8848 4d07 | 488d 4424 | 4048 8904 

  0x0000017d2df6c520: ;   {runtime_call monitorexit_nofpu Runtime1 stub}
  0x0000017d2df6c520: 24e8 5a93 | 4d07 e9cf 

  0x0000017d2df6c528: ;   {internal_word}
  0x0000017d2df6c528: fcff ff49 | baff c1f6 | 2d7d 0100 | 004d 8997 | 7004 0000 

  0x0000017d2df6c53c: ;   {runtime_call SafepointBlob}
  0x0000017d2df6c53c: e93f a640 

  0x0000017d2df6c540: ;   {metadata({method} {0x0000017d45038580} 'clear' '()V' in 'java/lang/ref/FinalReference')}
  0x0000017d2df6c540: 0749 ba78 | 8503 457d | 0100 004c | 8954 2408 | 48c7 0424 | ffff ffff 

  0x0000017d2df6c558: ;   {runtime_call counter_overflow Runtime1 stub}
  0x0000017d2df6c558: e8a3 b64d 

  0x0000017d2df6c55c: ; ImmutableOopMap {rdx=Oop }
                      ;*synchronization entry
                      ; - java.lang.ref.FinalReference::clear@-1 (line 50)
                      ; - java.lang.ref.Finalizer::runFinalizer@131 (line 104)
  0x0000017d2df6c55c: 07e9 07fd 

  0x0000017d2df6c560: ;   {internal_word}
  0x0000017d2df6c560: ffff 49ba | 11c3 f62d | 7d01 0000 | 4d89 9770 

  0x0000017d2df6c570: ;   {runtime_call SafepointBlob}
  0x0000017d2df6c570: 0400 00e9 | 08a6 4007 | 488d 4424 | 4048 8904 

  0x0000017d2df6c580: ;   {runtime_call monitorexit_nofpu Runtime1 stub}
  0x0000017d2df6c580: 24e8 fa92 | 4d07 e9e3 

  0x0000017d2df6c588: ;   {runtime_call throw_null_pointer_exception Runtime1 stub}
  0x0000017d2df6c588: fdff ffe8 

  0x0000017d2df6c58c: ; ImmutableOopMap {rdx=Oop r8=Oop rax=Oop rsi=Oop [72]=Oop }
                      ;*putfield next {reexecute=1 rethrow=0 return_oop=0}
                      ; - (reexecute) java.lang.ref.Finalizer::runFinalizer@42 (line 85)
  0x0000017d2df6c58c: 1048 4d07 

  0x0000017d2df6c590: ;   {runtime_call throw_null_pointer_exception Runtime1 stub}
  0x0000017d2df6c590: e80b 484d 

  0x0000017d2df6c594: ; ImmutableOopMap {rdx=Oop r8=Oop rax=Oop rsi=Oop [72]=Oop }
                      ;*putfield prev {reexecute=1 rethrow=0 return_oop=0}
                      ; - (reexecute) java.lang.ref.Finalizer::runFinalizer@60 (line 87)
  0x0000017d2df6c594: 0749 8b87 | 0805 0000 | 49c7 8708 | 0500 0000 | 0000 0049 | c787 1005 | 0000 0000 | 0000 4883 
  0x0000017d2df6c5b4: ;   {runtime_call unwind_exception Runtime1 stub}
  0x0000017d2df6c5b4: c460 5de9 | c438 4d07 | f4f4 f4f4 
[Stub Code]
  0x0000017d2df6c5c0: ;   {no_reloc}
  0x0000017d2df6c5c0: 0f1f 4400 

  0x0000017d2df6c5c4: ;   {static_stub}
  0x0000017d2df6c5c4: 0048 bb00 | 0000 0000 

  0x0000017d2df6c5cc: ;   {runtime_call}
  0x0000017d2df6c5cc: 0000 00e9 | fbff ffff 

  0x0000017d2df6c5d4: ;   {static_stub}
  0x0000017d2df6c5d4: 9048 bb00 | 0000 0000 

  0x0000017d2df6c5dc: ;   {runtime_call}
  0x0000017d2df6c5dc: 0000 00e9 | fbff ffff 

  0x0000017d2df6c5e4: ;   {static_stub}
  0x0000017d2df6c5e4: 9048 bb00 | 0000 0000 

  0x0000017d2df6c5ec: ;   {runtime_call}
  0x0000017d2df6c5ec: 0000 00e9 | fbff ffff 

  0x0000017d2df6c5f4: ;   {static_stub}
  0x0000017d2df6c5f4: 48bb 0000 | 0000 0000 

  0x0000017d2df6c5fc: ;   {runtime_call}
  0x0000017d2df6c5fc: 0000 e9fb 

  0x0000017d2df6c600: ;   {runtime_call handle_exception_from_callee Runtime1 stub}
  0x0000017d2df6c600: ffff ffe8 | 786d 4d07 

  0x0000017d2df6c608: ;   {external_word}
  0x0000017d2df6c608: 48b9 d028 | 8805 fd7f | 0000 4883 

  0x0000017d2df6c614: ;   {runtime_call}
  0x0000017d2df6c614: e4f0 48b8 | 9095 4f05 | fd7f 0000 

  0x0000017d2df6c620: ;   {section_word}
  0x0000017d2df6c620: ffd0 f449 | ba23 c6f6 | 2d7d 0100 

  0x0000017d2df6c62c: ;   {runtime_call DeoptimizationBlob}
  0x0000017d2df6c62c: 0041 52e9 | ecb9 4007 | f4f4 f4f4 
[/MachCode]


---------------  P R O C E S S  ---------------

Threads class SMR info:
_java_thread_list=0x0000017d8c7de9f0, length=13, elements={
0x0000017d44a3e740, 0x0000017d44b71480, 0x0000017d44b74320, 0x0000017d44b75000,
0x0000017d44b79a70, 0x0000017d44b7a8e0, 0x0000017d44b7d350, 0x0000017d44bc0e00,
0x0000017d44a0ac60, 0x0000017d44e6d370, 0x0000017d44e6e9f0, 0x0000017d8cc41880,
0x0000017d25aacc40
}

Java Threads: ( => current thread )
  0x0000017d44a3e740 JavaThread "Reference Handler"          daemon [_thread_blocked, id=17036, stack(0x000000497bd00000,0x000000497be00000) (1024K)]
=>0x0000017d44b71480 JavaThread "Finalizer"                  daemon [_thread_in_native, id=5288, stack(0x000000497be00000,0x000000497bf00000) (1024K)]
  0x0000017d44b74320 JavaThread "Signal Dispatcher"          daemon [_thread_blocked, id=10524, stack(0x000000497bf00000,0x000000497c000000) (1024K)]
  0x0000017d44b75000 JavaThread "Attach Listener"            daemon [_thread_blocked, id=11504, stack(0x000000497c000000,0x000000497c100000) (1024K)]
  0x0000017d44b79a70 JavaThread "Service Thread"             daemon [_thread_blocked, id=5600, stack(0x000000497c100000,0x000000497c200000) (1024K)]
  0x0000017d44b7a8e0 JavaThread "Monitor Deflation Thread"   daemon [_thread_blocked, id=18004, stack(0x000000497c200000,0x000000497c300000) (1024K)]
  0x0000017d44b7d350 JavaThread "C2 CompilerThread0"         daemon [_thread_blocked, id=5012, stack(0x000000497c300000,0x000000497c400000) (1024K)]
  0x0000017d44bc0e00 JavaThread "C1 CompilerThread0"         daemon [_thread_blocked, id=16824, stack(0x000000497c400000,0x000000497c500000) (1024K)]
  0x0000017d44a0ac60 JavaThread "Common-Cleaner"             daemon [_thread_blocked, id=15616, stack(0x000000497c500000,0x000000497c600000) (1024K)]
  0x0000017d44e6d370 JavaThread "Monitor Ctrl-Break"         daemon [_thread_in_native, id=18312, stack(0x000000497c600000,0x000000497c700000) (1024K)]
  0x0000017d44e6e9f0 JavaThread "Notification Thread"        daemon [_thread_blocked, id=18896, stack(0x000000497c700000,0x000000497c800000) (1024K)]
  0x0000017d8cc41880 JavaThread "Thread-2"                   daemon [_thread_in_native, id=3808, stack(0x000000497d000000,0x000000497d100000) (1024K)]
  0x0000017d25aacc40 JavaThread "DestroyJavaVM"                     [_thread_blocked, id=5324, stack(0x000000497b500000,0x000000497b600000) (1024K)]
Total: 13

Other Threads:
  0x0000017d44a219e0 VMThread "VM Thread"                           [id=19688, stack(0x000000497bc00000,0x000000497bd00000) (1024K)]
  0x0000017d44a0a3c0 WatcherThread "VM Periodic Task Thread"        [id=9088, stack(0x000000497bb00000,0x000000497bc00000) (1024K)]
  0x0000017d2396de70 WorkerThread "GC Thread#0"                     [id=9416, stack(0x000000497b600000,0x000000497b700000) (1024K)]
  0x0000017d8ce62570 WorkerThread "GC Thread#1"                     [id=2812, stack(0x000000497b200000,0x000000497b300000) (1024K)]
  0x0000017d8a26bcb0 WorkerThread "GC Thread#2"                     [id=7776, stack(0x000000497b300000,0x000000497b400000) (1024K)]
  0x0000017d8a157a60 WorkerThread "GC Thread#3"                     [id=15392, stack(0x000000497b400000,0x000000497b500000) (1024K)]
  0x0000017d8a157e10 WorkerThread "GC Thread#4"                     [id=3540, stack(0x000000497cc00000,0x000000497cd00000) (1024K)]
  0x0000017d8a1585d0 WorkerThread "GC Thread#5"                     [id=15592, stack(0x000000497cd00000,0x000000497ce00000) (1024K)]
  0x0000017d8c7e0d80 WorkerThread "GC Thread#6"                     [id=10204, stack(0x000000497ce00000,0x000000497cf00000) (1024K)]
  0x0000017d8c7e2550 WorkerThread "GC Thread#7"                     [id=20844, stack(0x000000497cf00000,0x000000497d000000) (1024K)]
  0x0000017d25b201d0 ConcurrentGCThread "G1 Main Marker"            [id=6300, stack(0x000000497b700000,0x000000497b800000) (1024K)]
  0x0000017d25b230b0 WorkerThread "G1 Conc#0"                       [id=712, stack(0x000000497b800000,0x000000497b900000) (1024K)]
  0x0000017d448d73f0 ConcurrentGCThread "G1 Refine#0"               [id=19140, stack(0x000000497b900000,0x000000497ba00000) (1024K)]
  0x0000017d448d9c30 ConcurrentGCThread "G1 Service"                [id=21880, stack(0x000000497ba00000,0x000000497bb00000) (1024K)]
Total: 14

Threads with active compile tasks:
Total: 0

VM state: not at safepoint (normal execution)

VM Mutex/Monitor currently owned by a thread: None

Heap address: 0x0000000704c00000, size: 4020 MB, Compressed Oops mode: Zero based, Oop shift amount: 3

CDS archive(s) mapped at: [0x0000017d45000000-0x0000017d45c50000-0x0000017d45c50000), size 12910592, SharedBaseAddress: 0x0000017d45000000, ArchiveRelocationMode: 1.
Compressed class space mapped at: 0x0000017d46000000-0x0000017d86000000, reserved size: 1073741824
Narrow klass base: 0x0000017d45000000, Narrow klass shift: 0, Narrow klass range: 0x41000000

GC Precious Log:
 CardTable entry size: 512
 Card Set container configuration: InlinePtr #cards 4 size 8 Array Of Cards #cards 16 size 48 Howl #buckets 8 coarsen threshold 3686 Howl Bitmap #cards 512 size 80 coarsen threshold 460 Card regions per heap region 1 cards per card region 4096
 CPUs: 8 total, 8 available
 Memory: 16078M
 Large Page Support: Disabled
 NUMA Support: Disabled
 Compressed Oops: Enabled (Zero based)
 Heap Region Size: 2M
 Heap Min Capacity: 8M
 Heap Initial Capacity: 252M
 Heap Max Capacity: 4020M
 Pre-touch: Disabled
 Parallel Workers: 8
 Concurrent Workers: 2
 Concurrent Refinement Workers: 8
 Periodic GC: Disabled

Heap:
 garbage-first heap   total reserved 4116480K, committed 14336K, used 2076K [0x0000000704c00000, 0x0000000800000000)
  region size 2048K, 1 young (2048K), 0 survivors (0K)
 Metaspace       used 6983K, committed 7168K, reserved 1114112K
  class space    used 635K, committed 704K, reserved 1048576K

Heap Regions: E=young(eden), S=young(survivor), O=old, HS=humongous(starts), HC=humongous(continues), CS=collection set, F=free, TAMS=top-at-mark-start, PB=parsable bottom
|   0|0x0000000704c00000, 0x0000000704dffff0, 0x0000000704e00000| 99%| O|  |TAMS 0x0000000704c00000| PB 0x0000000704c00000| Untracked |  0
|   1|0x0000000704e00000, 0x0000000704e07368, 0x0000000705000000|  1%| O|  |TAMS 0x0000000704e00000| PB 0x0000000704e00000| Untracked |  0
|   2|0x0000000705000000, 0x0000000705000000, 0x0000000705200000|  0%| F|  |TAMS 0x0000000705000000| PB 0x0000000705000000| Untracked |  0
|   3|0x0000000705200000, 0x0000000705200000, 0x0000000705400000|  0%| F|  |TAMS 0x0000000705200000| PB 0x0000000705200000| Untracked |  0
|   4|0x0000000705400000, 0x0000000705400000, 0x0000000705600000|  0%| F|  |TAMS 0x0000000705400000| PB 0x0000000705400000| Untracked |  0
|   5|0x0000000705600000, 0x0000000705600000, 0x0000000705800000|  0%| F|  |TAMS 0x0000000705600000| PB 0x0000000705600000| Untracked |  0
|   6|0x0000000705800000, 0x0000000705807af0, 0x0000000705a00000|  1%| E|  |TAMS 0x0000000705800000| PB 0x0000000705800000| Complete |  0

Card table byte_map: [0x0000017d3d900000,0x0000017d3e0e0000] _byte_map_base: 0x0000017d3a0da000

Marking Bits: (CMBitMap*) 0x0000017d2396e490
 Bits: [0x0000017d3e0e0000, 0x0000017d41fb0000)

Polling page: 0x0000017d239f0000

Metaspace:

Usage:
  Non-class:      6.20 MB used.
      Class:    635.12 KB used.
       Both:      6.82 MB used.

Virtual space:
  Non-class space:       64.00 MB reserved,       6.31 MB ( 10%) committed,  1 nodes.
      Class space:        1.00 GB reserved,     704.00 KB ( <1%) committed,  1 nodes.
             Both:        1.06 GB reserved,       7.00 MB ( <1%) committed. 

Chunk freelists:
   Non-Class:  8.45 MB
       Class:  15.25 MB
        Both:  23.70 MB

MaxMetaspaceSize: unlimited
CompressedClassSpaceSize: 1.00 GB
Initial GC threshold: 21.00 MB
Current GC threshold: 21.00 MB
CDS: on
 - commit_granule_bytes: 65536.
 - commit_granule_words: 8192.
 - virtual_space_node_default_size: 8388608.
 - enlarge_chunks_in_place: 1.
 - use_allocation_guard: 0.


Internal statistics:

num_allocs_failed_limit: 0.
num_arena_births: 78.
num_arena_deaths: 0.
num_vsnodes_births: 2.
num_vsnodes_deaths: 0.
num_space_committed: 112.
num_space_uncommitted: 0.
num_chunks_returned_to_freelist: 0.
num_chunks_taken_from_freelist: 241.
num_chunk_merges: 0.
num_chunk_splits: 177.
num_chunks_enlarged: 140.
num_inconsistent_stats: 0.

CodeHeap 'non-profiled nmethods': size=120000Kb used=374Kb max_used=410Kb free=119625Kb
 bounds [0x0000017d358c0000, 0x0000017d35b30000, 0x0000017d3cdf0000]
CodeHeap 'profiled nmethods': size=120000Kb used=1599Kb max_used=1767Kb free=118400Kb
 bounds [0x0000017d2ddf0000, 0x0000017d2e060000, 0x0000017d35320000]
CodeHeap 'non-nmethods': size=5760Kb used=1551Kb max_used=1573Kb free=4208Kb
 bounds [0x0000017d35320000, 0x0000017d35590000, 0x0000017d358c0000]
 total_blobs=1427 nmethods=926 adapters=406
 compilation: enabled
              stopped_count=0, restarted_count=0
 full_count=0

Compilation events (20 events):
Event: 641.928 Thread 0x0000017d44bc0e00 nmethod 1004 0x0000017d2dfa8510 code [0x0000017d2dfa86c0, 0x0000017d2dfa88c8]
Event: 641.928 Thread 0x0000017d44bc0e00 1005       1       java.lang.reflect.AccessibleObject::isAccessible (5 bytes)
Event: 641.928 Thread 0x0000017d44bc0e00 nmethod 1005 0x0000017d35926290 code [0x0000017d35926420, 0x0000017d359264f0]
Event: 641.928 Thread 0x0000017d44bc0e00 1006       3       java.nio.Buffer::hasRemaining (17 bytes)
Event: 641.928 Thread 0x0000017d44bc0e00 nmethod 1006 0x0000017d2dfa8990 code [0x0000017d2dfa8b20, 0x0000017d2dfa8c88]
Event: 641.928 Thread 0x0000017d44bc0e00 1007       3       java.lang.StringCoding::implEncodeAsciiArray (47 bytes)
Event: 641.928 Thread 0x0000017d44b7d350 1008       4       java.util.concurrent.locks.AbstractQueuedSynchronizer::compareAndSetState (13 bytes)
Event: 641.928 Thread 0x0000017d44bc0e00 nmethod 1007 0x0000017d2dfa8d10 code [0x0000017d2dfa8ec0, 0x0000017d2dfa90f8]
Event: 641.928 Thread 0x0000017d44bc0e00 1010       3       java.lang.StringBuilder::<init> (6 bytes)
Event: 641.928 Thread 0x0000017d44bc0e00 nmethod 1010 0x0000017d2dfa9290 code [0x0000017d2dfa9440, 0x0000017d2dfa9578]
Event: 641.928 Thread 0x0000017d44bc0e00 1009       3       java.nio.charset.CoderResult::isUnderflow (13 bytes)
Event: 641.929 Thread 0x0000017d44bc0e00 nmethod 1009 0x0000017d2dfa9610 code [0x0000017d2dfa97a0, 0x0000017d2dfa9900]
Event: 641.929 Thread 0x0000017d44bc0e00 1011       3       java.nio.CharBuffer::position (8 bytes)
Event: 641.929 Thread 0x0000017d44bc0e00 nmethod 1011 0x0000017d2dfa9990 code [0x0000017d2dfa9b40, 0x0000017d2dfa9c90]
Event: 641.929 Thread 0x0000017d44bc0e00 1012       1       java.nio.Buffer::capacity (5 bytes)
Event: 641.929 Thread 0x0000017d44bc0e00 nmethod 1012 0x0000017d35926590 code [0x0000017d35926720, 0x0000017d359267e8]
Event: 641.929 Thread 0x0000017d44b7d350 nmethod 1008 0x0000017d35926890 code [0x0000017d35926a00, 0x0000017d35926aa0]
Event: 641.931 Thread 0x0000017d44bc0e00 1013       3       java.io.Writer::write (11 bytes)
Event: 641.937 Thread 0x0000017d44bc0e00 nmethod 1013 0x0000017d2de00310 code [0x0000017d2de004c0, 0x0000017d2de007a0]
Event: 641.937 Thread 0x0000017d44bc0e00 1014   !   3       java.io.BufferedWriter::write (82 bytes)

GC Heap History (6 events):
Event: 75.791 GC heap before
{Heap before GC invocations=0 (full 0):
 garbage-first heap   total reserved 4116480K, committed 258048K, used 22528K [0x0000000704c00000, 0x0000000800000000)
  region size 2048K, 12 young (24576K), 0 survivors (0K)
 Metaspace       used 6756K, committed 6912K, reserved 1114112K
  class space    used 613K, committed 704K, reserved 1048576K
}
Event: 75.794 GC heap after
{Heap after GC invocations=1 (full 0):
 garbage-first heap   total reserved 4116480K, committed 258048K, used 2474K [0x0000000704c00000, 0x0000000800000000)
  region size 2048K, 2 young (4096K), 2 survivors (4096K)
 Metaspace       used 6756K, committed 6912K, reserved 1114112K
  class space    used 613K, committed 704K, reserved 1048576K
}
Event: 641.884 GC heap before
{Heap before GC invocations=1 (full 0):
 garbage-first heap   total reserved 4116480K, committed 258048K, used 14762K [0x0000000704c00000, 0x0000000800000000)
  region size 2048K, 9 young (18432K), 2 survivors (4096K)
 Metaspace       used 6865K, committed 7040K, reserved 1114112K
  class space    used 624K, committed 704K, reserved 1048576K
}
Event: 641.889 GC heap after
{Heap after GC invocations=2 (full 1):
 garbage-first heap   total reserved 4116480K, committed 40960K, used 2517K [0x0000000704c00000, 0x0000000800000000)
  region size 2048K, 0 young (0K), 0 survivors (0K)
 Metaspace       used 6865K, committed 7040K, reserved 1114112K
  class space    used 624K, committed 704K, reserved 1048576K
}
Event: 641.931 GC heap before
{Heap before GC invocations=2 (full 1):
 garbage-first heap   total reserved 4116480K, committed 40960K, used 2517K [0x0000000704c00000, 0x0000000800000000)
  region size 2048K, 1 young (2048K), 0 survivors (0K)
 Metaspace       used 6940K, committed 7104K, reserved 1114112K
  class space    used 629K, committed 704K, reserved 1048576K
}
Event: 641.937 GC heap after
{Heap after GC invocations=3 (full 2):
 garbage-first heap   total reserved 4116480K, committed 14336K, used 2330K [0x0000000704c00000, 0x0000000800000000)
  region size 2048K, 0 young (0K), 0 survivors (0K)
 Metaspace       used 6940K, committed 7104K, reserved 1114112K
  class space    used 629K, committed 704K, reserved 1048576K
}

Dll operation events (16 events):
Event: 0.008 Loaded shared library C:\Users\amedi\.jdks\openjdk-22\bin\java.dll
Event: 0.047 Loaded shared library C:\Users\amedi\.jdks\openjdk-22\bin\jsvml.dll
Event: 0.112 Loaded shared library C:\Users\amedi\.jdks\openjdk-22\bin\zip.dll
Event: 0.127 Loaded shared library C:\Users\amedi\.jdks\openjdk-22\bin\instrument.dll
Event: 0.132 Loaded shared library C:\Users\amedi\.jdks\openjdk-22\bin\net.dll
Event: 0.133 Loaded shared library C:\Users\amedi\.jdks\openjdk-22\bin\nio.dll
Event: 0.140 Loaded shared library C:\Users\amedi\.jdks\openjdk-22\bin\zip.dll
Event: 0.161 Loaded shared library C:\Program Files\JetBrains\IntelliJ IDEA 2024.2.3\bin\breakgen64.dll
Event: 0.193 Loaded shared library C:\Users\amedi\.jdks\openjdk-22\bin\verify.dll
Event: 0.212 Loaded shared library C:\Users\amedi\.jdks\openjdk-22\bin\jimage.dll
Event: 0.264 Loaded shared library C:\Users\amedi\.jdks\openjdk-22\bin\extnet.dll
Event: 0.296 Loaded shared library C:\Users\amedi\AppData\Local\Temp\QtJambi_amedi_amd64_4.8.7_msvc2013x64-20150908-1314\lib\QtCore4.dll
Event: 0.297 Loaded shared library C:\Users\amedi\AppData\Local\Temp\QtJambi_amedi_amd64_4.8.7_msvc2013x64-20150908-1314\lib\qtjambi.dll
Event: 0.302 Loaded shared library C:\Users\amedi\AppData\Local\Temp\QtJambi_amedi_amd64_4.8.7_msvc2013x64-20150908-1314\lib\com_trolltech_qt_core.dll
Event: 0.305 Loaded shared library C:\Users\amedi\AppData\Local\Temp\QtJambi_amedi_amd64_4.8.7_msvc2013x64-20150908-1314\lib\QtGui4.dll
Event: 0.309 Loaded shared library C:\Users\amedi\AppData\Local\Temp\QtJambi_amedi_amd64_4.8.7_msvc2013x64-20150908-1314\lib\com_trolltech_qt_gui.dll

Deoptimization events (20 events):
Event: 75.794 Thread 0x0000017d25aacc40 DEOPT PACKING pc=0x0000017d35900a0c sp=0x000000497b5f9760
Event: 75.794 Thread 0x0000017d25aacc40 DEOPT UNPACKING pc=0x0000017d35377da2 sp=0x000000497b5f96a8 mode 2
Event: 75.794 Thread 0x0000017d25aacc40 Uncommon trap: trap_request=0xffffff45 fr.pc=0x0000017d35900618 relative=0x00000000000000f8
Event: 75.794 Thread 0x0000017d25aacc40 Uncommon trap: reason=unstable_if action=reinterpret pc=0x0000017d35900618 method=java.lang.ref.SoftReference.get()Ljava/lang/Object; @ 17 c2
Event: 75.794 Thread 0x0000017d25aacc40 DEOPT PACKING pc=0x0000017d35900618 sp=0x000000497b5f96e0
Event: 75.794 Thread 0x0000017d25aacc40 DEOPT UNPACKING pc=0x0000017d35377da2 sp=0x000000497b5f9698 mode 2
Event: 75.797 Thread 0x0000017d25aacc40 Uncommon trap: trap_request=0xfffffff4 fr.pc=0x0000017d358fd6e8 relative=0x0000000000003a88
Event: 75.797 Thread 0x0000017d25aacc40 Uncommon trap: reason=null_check action=make_not_entrant pc=0x0000017d358fd6e8 method=com.trolltech.qt.internal.QtJambiInternal.isSignal(Ljava/lang/Class;)Z @ 3 c2
Event: 75.797 Thread 0x0000017d25aacc40 DEOPT PACKING pc=0x0000017d358fd6e8 sp=0x000000497b5fa670
Event: 75.797 Thread 0x0000017d25aacc40 DEOPT UNPACKING pc=0x0000017d35377da2 sp=0x000000497b5fa568 mode 2
Event: 93.663 Thread 0x0000017d25aacc40 DEOPT PACKING pc=0x0000017d2defa7ea sp=0x000000497b5f95f0
Event: 93.663 Thread 0x0000017d25aacc40 DEOPT UNPACKING pc=0x0000017d353788e2 sp=0x000000497b5f8b28 mode 0
Event: 93.665 Thread 0x0000017d25aacc40 DEOPT PACKING pc=0x0000017d2defa7ea sp=0x000000497b5f9700
Event: 93.665 Thread 0x0000017d25aacc40 DEOPT UNPACKING pc=0x0000017d353788e2 sp=0x000000497b5f8c38 mode 0
Event: 93.666 Thread 0x0000017d25aacc40 DEOPT PACKING pc=0x0000017d2defa7ea sp=0x000000497b5f95f0
Event: 93.666 Thread 0x0000017d25aacc40 DEOPT UNPACKING pc=0x0000017d353788e2 sp=0x000000497b5f8b28 mode 0
Event: 314.016 Thread 0x0000017d25aacc40 Uncommon trap: trap_request=0xfffffff4 fr.pc=0x0000017d35920220 relative=0x0000000000000980
Event: 314.016 Thread 0x0000017d25aacc40 Uncommon trap: reason=null_check action=make_not_entrant pc=0x0000017d35920220 method=com.trolltech.qt.internal.QSignalEmitterInternal$AbstractSignalInternal.resolveSignal()[Ljava/lang/Class; @ 73 c2
Event: 314.016 Thread 0x0000017d25aacc40 DEOPT PACKING pc=0x0000017d35920220 sp=0x000000497b5f4170
Event: 314.016 Thread 0x0000017d25aacc40 DEOPT UNPACKING pc=0x0000017d35377da2 sp=0x000000497b5f40f8 mode 2

Classes loaded (20 events):
Event: 0.474 Loading class java/lang/InstantiationException
Event: 0.474 Loading class java/lang/InstantiationException done
Event: 0.475 Loading class java/lang/CloneNotSupportedException
Event: 0.475 Loading class java/lang/CloneNotSupportedException done
Event: 217.501 Loading class sun/invoke/util/ValueConversions$1
Event: 217.501 Loading class sun/invoke/util/ValueConversions$1 done
Event: 217.502 Loading class java/lang/invoke/BoundMethodHandle$Species_LI
Event: 217.502 Loading class java/lang/invoke/BoundMethodHandle$Species_LI done
Event: 641.883 Loading class jdk/internal/reflect/DirectMethodHandleAccessor$NativeAccessor
Event: 641.883 Loading class jdk/internal/reflect/DirectMethodHandleAccessor$NativeAccessor done
Event: 641.889 Loading class java/lang/ref/Finalizer$2
Event: 641.889 Loading class java/lang/ref/Finalizer$2 done
Event: 641.890 Loading class java/lang/ref/Finalizer$1
Event: 641.890 Loading class java/lang/ref/Finalizer$1 done
Event: 641.923 Loading class java/lang/Throwable$WrappedPrintStream
Event: 641.923 Loading class java/lang/Throwable$PrintStreamOrWriter
Event: 641.923 Loading class java/lang/Throwable$PrintStreamOrWriter done
Event: 641.923 Loading class java/lang/Throwable$WrappedPrintStream done
Event: 641.924 Loading class java/lang/StackTraceElement$HashedModules
Event: 641.924 Loading class java/lang/StackTraceElement$HashedModules done

Classes unloaded (0 events):
No events

Classes redefined (0 events):
No events

Internal exceptions (20 events):
Event: 93.663 Thread 0x0000017d25aacc40 Exception <a 'java/lang/NoSuchFieldError'{0x0000000713ebb610}: com.trolltech.qt.gui.QStandardItemModel.rowsAboutToBeRemoved Lcom/trolltech/qt/QSignalEmitter$Signal3;> (0x0000000713ebb610) 
thrown [s\open\src\hotspot\share\prims\jni.cpp, line 1775]
Event: 93.663 Thread 0x0000017d25aacc40 Exception <a 'java/lang/NoSuchFieldError'{0x0000000713ebb970}: com.trolltech.qt.gui.QStandardItemModel.rowsInserted Lcom/trolltech/qt/QSignalEmitter$Signal3;> (0x0000000713ebb970) 
thrown [s\open\src\hotspot\share\prims\jni.cpp, line 1775]
Event: 93.663 Thread 0x0000017d25aacc40 Exception <a 'java/lang/NoSuchFieldError'{0x0000000713ebbcd0}: com.trolltech.qt.gui.QStandardItemModel.rowsRemoved Lcom/trolltech/qt/QSignalEmitter$Signal3;> (0x0000000713ebbcd0) 
thrown [s\open\src\hotspot\share\prims\jni.cpp, line 1775]
Event: 93.665 Thread 0x0000017d25aacc40 Exception <a 'java/lang/NoSuchFieldError'{0x0000000713fd4258}: com.trolltech.qt.gui.QStandardItemModel.columnsAboutToBeInserted Lcom/trolltech/qt/QSignalEmitter$Signal3;> (0x0000000713fd4258) 
thrown [s\open\src\hotspot\share\prims\jni.cpp, line 1775]
Event: 93.665 Thread 0x0000017d25aacc40 Exception <a 'java/lang/NoSuchFieldError'{0x0000000713fd45c8}: com.trolltech.qt.gui.QStandardItemModel.columnsAboutToBeRemoved Lcom/trolltech/qt/QSignalEmitter$Signal3;> (0x0000000713fd45c8) 
thrown [s\open\src\hotspot\share\prims\jni.cpp, line 1775]
Event: 93.665 Thread 0x0000017d25aacc40 Exception <a 'java/lang/NoSuchFieldError'{0x0000000713fd4930}: com.trolltech.qt.gui.QStandardItemModel.columnsInserted Lcom/trolltech/qt/QSignalEmitter$Signal3;> (0x0000000713fd4930) 
thrown [s\open\src\hotspot\share\prims\jni.cpp, line 1775]
Event: 93.665 Thread 0x0000017d25aacc40 Exception <a 'java/lang/NoSuchFieldError'{0x0000000713fd4c90}: com.trolltech.qt.gui.QStandardItemModel.columnsRemoved Lcom/trolltech/qt/QSignalEmitter$Signal3;> (0x0000000713fd4c90) 
thrown [s\open\src\hotspot\share\prims\jni.cpp, line 1775]
Event: 93.665 Thread 0x0000017d25aacc40 Exception <a 'java/lang/NoSuchFieldError'{0x0000000713fd4ff8}: com.trolltech.qt.gui.QStandardItemModel.modelAboutToBeReset Lcom/trolltech/qt/QSignalEmitter$Signal0;> (0x0000000713fd4ff8) 
thrown [s\open\src\hotspot\share\prims\jni.cpp, line 1775]
Event: 93.665 Thread 0x0000017d25aacc40 Exception <a 'java/lang/NoSuchFieldError'{0x0000000713fd5358}: com.trolltech.qt.gui.QStandardItemModel.modelReset Lcom/trolltech/qt/QSignalEmitter$Signal0;> (0x0000000713fd5358) 
thrown [s\open\src\hotspot\share\prims\jni.cpp, line 1775]
Event: 93.665 Thread 0x0000017d25aacc40 Exception <a 'java/lang/NoSuchFieldError'{0x0000000713fd56c0}: com.trolltech.qt.gui.QStandardItemModel.rowsAboutToBeInserted Lcom/trolltech/qt/QSignalEmitter$Signal3;> (0x0000000713fd56c0) 
thrown [s\open\src\hotspot\share\prims\jni.cpp, line 1775]
Event: 93.665 Thread 0x0000017d25aacc40 Exception <a 'java/lang/NoSuchFieldError'{0x0000000713fd5a28}: com.trolltech.qt.gui.QStandardItemModel.rowsAboutToBeRemoved Lcom/trolltech/qt/QSignalEmitter$Signal3;> (0x0000000713fd5a28) 
thrown [s\open\src\hotspot\share\prims\jni.cpp, line 1775]
Event: 93.665 Thread 0x0000017d25aacc40 Exception <a 'java/lang/NoSuchFieldError'{0x0000000713fd5d88}: com.trolltech.qt.gui.QStandardItemModel.rowsInserted Lcom/trolltech/qt/QSignalEmitter$Signal3;> (0x0000000713fd5d88) 
thrown [s\open\src\hotspot\share\prims\jni.cpp, line 1775]
Event: 93.665 Thread 0x0000017d25aacc40 Exception <a 'java/lang/NoSuchFieldError'{0x0000000713fd60e8}: com.trolltech.qt.gui.QStandardItemModel.rowsRemoved Lcom/trolltech/qt/QSignalEmitter$Signal3;> (0x0000000713fd60e8) 
thrown [s\open\src\hotspot\share\prims\jni.cpp, line 1775]
Event: 217.501 Thread 0x0000017d25aacc40 Exception <a 'java/lang/NoSuchMethodError'{0x0000000713a6a6f8}: 'void java.lang.invoke.DirectMethodHandle$Holder.invokeSpecial(java.lang.Object, java.lang.Object, int)'> (0x0000000713a6a6f8) 
thrown [s\open\src\hotspot\share\interpreter\linkResolver.cpp, line 774]
Event: 217.502 Thread 0x0000017d25aacc40 Exception <a 'java/lang/NoSuchMethodError'{0x0000000713a6ef50}: 'int java.lang.invoke.DirectMethodHandle$Holder.invokeSpecial(java.lang.Object, java.lang.Object, java.lang.Object, int)'> (0x0000000713a6ef50) 
thrown [s\open\src\hotspot\share\interpreter\linkResolver.cpp, line 774]
Event: 217.503 Thread 0x0000017d25aacc40 Exception <a 'java/lang/NoSuchMethodError'{0x0000000713a817f0}: 'java.lang.Object java.lang.invoke.DirectMethodHandle$Holder.invokeStatic(java.lang.Object, java.lang.Object, java.lang.Object, java.lang.Object, int)'> (0x0000000713a817f0) 
thrown [s\open\src\hotspot\share\interpreter\linkResolver.cpp, line 774]
Event: 217.504 Thread 0x0000017d25aacc40 Exception <a 'java/lang/NoSuchMethodError'{0x0000000713a8c628}: 'void java.lang.invoke.DelegatingMethodHandle$Holder.reinvoke_L(java.lang.Object, java.lang.Object, int)'> (0x0000000713a8c628) 
thrown [s\open\src\hotspot\share\interpreter\linkResolver.cpp, line 774]
Event: 313.996 Thread 0x0000017d25aacc40 Exception <a 'java/lang/NoSuchMethodError'{0x0000000713a99f20}: 'void java.lang.invoke.DirectMethodHandle$Holder.invokeVirtual(java.lang.Object, java.lang.Object)'> (0x0000000713a99f20) 
thrown [s\open\src\hotspot\share\interpreter\linkResolver.cpp, line 774]
Event: 313.996 Thread 0x0000017d25aacc40 Exception <a 'java/lang/NoSuchMethodError'{0x0000000713a9d6d0}: 'void java.lang.invoke.DirectMethodHandle$Holder.invokeSpecial(java.lang.Object, java.lang.Object, java.lang.Object)'> (0x0000000713a9d6d0) 
thrown [s\open\src\hotspot\share\interpreter\linkResolver.cpp, line 774]
Event: 314.016 Thread 0x0000017d25aacc40 Implicit null exception at 0x0000017d3591fb4f to 0x0000017d35920200

ZGC Phase Switch (0 events):
No events

VM Operations (20 events):
Event: 65.617 Executing VM operation: Cleanup
Event: 65.618 Executing VM operation: Cleanup done
Event: 75.790 Executing VM operation: G1CollectForAllocation (G1 Evacuation Pause)
Event: 75.794 Executing VM operation: G1CollectForAllocation (G1 Evacuation Pause) done
Event: 76.804 Executing VM operation: Cleanup
Event: 76.805 Executing VM operation: Cleanup done
Event: 90.909 Executing VM operation: Cleanup
Event: 90.909 Executing VM operation: Cleanup done
Event: 93.929 Executing VM operation: Cleanup
Event: 93.929 Executing VM operation: Cleanup done
Event: 120.219 Executing VM operation: HandshakeAllThreads (HandshakeForDeflation)
Event: 120.219 Executing VM operation: HandshakeAllThreads (HandshakeForDeflation) done
Event: 120.220 Executing VM operation: RendezvousGCThreads
Event: 120.220 Executing VM operation: RendezvousGCThreads done
Event: 217.907 Executing VM operation: Cleanup
Event: 217.907 Executing VM operation: Cleanup done
Event: 641.884 Executing VM operation: G1CollectFull (System.gc())
Event: 641.889 Executing VM operation: G1CollectFull (System.gc()) done
Event: 641.931 Executing VM operation: G1CollectFull (System.gc())
Event: 641.937 Executing VM operation: G1CollectFull (System.gc()) done

Events (20 events):
Event: 641.933 Thread 0x0000017d44a219e0 flushing nmethod 0x0000017d2de5b690
Event: 641.933 Thread 0x0000017d44a219e0 flushing nmethod 0x0000017d2de60490
Event: 641.933 Thread 0x0000017d44a219e0 flushing nmethod 0x0000017d2de61290
Event: 641.933 Thread 0x0000017d44a219e0 flushing nmethod 0x0000017d2de6cb10
Event: 641.933 Thread 0x0000017d44a219e0 flushing nmethod 0x0000017d2de8a310
Event: 641.933 Thread 0x0000017d44a219e0 flushing nmethod 0x0000017d2de8bc10
Event: 641.933 Thread 0x0000017d44a219e0 flushing nmethod 0x0000017d2de8c510
Event: 641.933 Thread 0x0000017d44a219e0 flushing nmethod 0x0000017d2de8cc10
Event: 641.933 Thread 0x0000017d44a219e0 flushing nmethod 0x0000017d2de8d110
Event: 641.933 Thread 0x0000017d44a219e0 flushing nmethod 0x0000017d2de8ea90
Event: 641.933 Thread 0x0000017d44a219e0 flushing nmethod 0x0000017d2de8f910
Event: 641.933 Thread 0x0000017d44a219e0 flushing nmethod 0x0000017d2deb3710
Event: 641.933 Thread 0x0000017d44a219e0 flushing nmethod 0x0000017d2deb3d90
Event: 641.933 Thread 0x0000017d44a219e0 flushing nmethod 0x0000017d2deb4490
Event: 641.933 Thread 0x0000017d44a219e0 flushing nmethod 0x0000017d2dec8710
Event: 641.933 Thread 0x0000017d44a219e0 flushing nmethod 0x0000017d2dec9310
Event: 641.933 Thread 0x0000017d44a219e0 flushing nmethod 0x0000017d2deca490
Event: 641.933 Thread 0x0000017d44a219e0 flushing nmethod 0x0000017d2decaa10
Event: 641.933 Thread 0x0000017d44a219e0 flushing nmethod 0x0000017d2df46110
Event: 641.937 Thread 0x0000017d8ce6b640 Thread added: 0x0000017d8ce6b640


Dynamic libraries:
0x00007ff72d380000 - 0x00007ff72d38e000 	C:\Users\amedi\.jdks\openjdk-22\bin\java.exe
0x00007ffde9100000 - 0x00007ffde9363000 	C:\WINDOWS\SYSTEM32\ntdll.dll
0x00007ffde7910000 - 0x00007ffde79d8000 	C:\WINDOWS\System32\KERNEL32.DLL
0x00007ffde6900000 - 0x00007ffde6cb1000 	C:\WINDOWS\System32\KERNELBASE.dll
0x00007ffde65c0000 - 0x00007ffde670b000 	C:\WINDOWS\System32\ucrtbase.dll
0x00007ffddca80000 - 0x00007ffddca9b000 	C:\Users\amedi\.jdks\openjdk-22\bin\VCRUNTIME140.dll
0x00007ffddca60000 - 0x00007ffddca77000 	C:\Users\amedi\.jdks\openjdk-22\bin\jli.dll
0x00007ffde8890000 - 0x00007ffde8a58000 	C:\WINDOWS\System32\USER32.dll
0x00007ffdcc860000 - 0x00007ffdccaf0000 	C:\WINDOWS\WinSxS\amd64_microsoft.windows.common-controls_6595b64144ccf1df_6.0.26100.2161_none_3e0cadb0e33078e1\COMCTL32.dll
0x00007ffde6590000 - 0x00007ffde65b7000 	C:\WINDOWS\System32\win32u.dll
0x00007ffde8ae0000 - 0x00007ffde8b89000 	C:\WINDOWS\System32\msvcrt.dll
0x00007ffde6fd0000 - 0x00007ffde6ffa000 	C:\WINDOWS\System32\GDI32.dll
0x00007ffde67d0000 - 0x00007ffde68f5000 	C:\WINDOWS\System32\gdi32full.dll
0x00007ffde6d40000 - 0x00007ffde6de3000 	C:\WINDOWS\System32\msvcp_win.dll
0x00007ffde8210000 - 0x00007ffde823f000 	C:\WINDOWS\System32\IMM32.DLL
0x00007ffddd460000 - 0x00007ffddd46c000 	C:\Users\amedi\.jdks\openjdk-22\bin\vcruntime140_1.dll
0x00007ffddc9d0000 - 0x00007ffddca5e000 	C:\Users\amedi\.jdks\openjdk-22\bin\msvcp140.dll
0x00007ffd04ec0000 - 0x00007ffd05c08000 	C:\Users\amedi\.jdks\openjdk-22\bin\server\jvm.dll
0x00007ffde70f0000 - 0x00007ffde71a4000 	C:\WINDOWS\System32\ADVAPI32.dll
0x00007ffde8250000 - 0x00007ffde82f6000 	C:\WINDOWS\System32\sechost.dll
0x00007ffde86f0000 - 0x00007ffde8806000 	C:\WINDOWS\System32\RPCRT4.dll
0x00007ffde8a60000 - 0x00007ffde8ad4000 	C:\WINDOWS\System32\WS2_32.dll
0x00007ffde61d0000 - 0x00007ffde621e000 	C:\WINDOWS\SYSTEM32\POWRPROF.dll
0x00007ffdd7750000 - 0x00007ffdd7786000 	C:\WINDOWS\SYSTEM32\WINMM.dll
0x00007ffdd6ee0000 - 0x00007ffdd6eeb000 	C:\WINDOWS\SYSTEM32\VERSION.dll
0x00007ffde61b0000 - 0x00007ffde61c4000 	C:\WINDOWS\SYSTEM32\UMPDC.dll
0x00007ffde52a0000 - 0x00007ffde52ba000 	C:\WINDOWS\SYSTEM32\kernel.appcore.dll
0x00007ffddc9c0000 - 0x00007ffddc9ca000 	C:\Users\amedi\.jdks\openjdk-22\bin\jimage.dll
0x00007ffde3d00000 - 0x00007ffde3f41000 	C:\WINDOWS\SYSTEM32\DBGHELP.DLL
0x00007ffde7cf0000 - 0x00007ffde806d000 	C:\WINDOWS\System32\combase.dll
0x00007ffde7000000 - 0x00007ffde70d6000 	C:\WINDOWS\System32\OLEAUT32.dll
0x00007ffdc8710000 - 0x00007ffdc8749000 	C:\WINDOWS\SYSTEM32\dbgcore.DLL
0x00007ffde64f0000 - 0x00007ffde6589000 	C:\WINDOWS\System32\bcryptPrimitives.dll
0x00007ffddcb40000 - 0x00007ffddcb4f000 	C:\Users\amedi\.jdks\openjdk-22\bin\instrument.dll
0x00007ffddc990000 - 0x00007ffddc9ae000 	C:\Users\amedi\.jdks\openjdk-22\bin\java.dll
0x00007ffde71b0000 - 0x00007ffde78af000 	C:\WINDOWS\System32\SHELL32.dll
0x00007ffde84f0000 - 0x00007ffde8689000 	C:\WINDOWS\System32\ole32.dll
0x00007ffde41f0000 - 0x00007ffde4a1d000 	C:\WINDOWS\SYSTEM32\windows.storage.dll
0x00007ffde8410000 - 0x00007ffde84e3000 	C:\WINDOWS\System32\SHCORE.dll
0x00007ffde6f70000 - 0x00007ffde6fcd000 	C:\WINDOWS\System32\shlwapi.dll
0x00007ffde6400000 - 0x00007ffde642e000 	C:\WINDOWS\SYSTEM32\profapi.dll
0x00007ffdc8e90000 - 0x00007ffdc8f67000 	C:\Users\amedi\.jdks\openjdk-22\bin\jsvml.dll
0x00007ffddc960000 - 0x00007ffddc977000 	C:\Users\amedi\.jdks\openjdk-22\bin\zip.dll
0x00007ffddc980000 - 0x00007ffddc990000 	C:\Users\amedi\.jdks\openjdk-22\bin\net.dll
0x00007ffde5840000 - 0x00007ffde58a8000 	C:\WINDOWS\system32\mswsock.dll
0x00007ffddc930000 - 0x00007ffddc946000 	C:\Users\amedi\.jdks\openjdk-22\bin\nio.dll
0x00007ffddcb20000 - 0x00007ffddcb3a000 	C:\Program Files\JetBrains\IntelliJ IDEA 2024.2.3\bin\breakgen64.dll
0x00007ffddcb10000 - 0x00007ffddcb20000 	C:\Users\amedi\.jdks\openjdk-22\bin\verify.dll
0x00007ffddc7b0000 - 0x00007ffddc7b9000 	C:\Users\amedi\.jdks\openjdk-22\bin\extnet.dll
0x0000000050a20000 - 0x0000000050cfe000 	C:\Users\amedi\AppData\Local\Temp\QtJambi_amedi_amd64_4.8.7_msvc2013x64-20150908-1314\lib\QtCore4.dll
0x00007ffd72490000 - 0x00007ffd72536000 	C:\WINDOWS\SYSTEM32\MSVCP120.dll
0x00007ffd71a20000 - 0x00007ffd71b0f000 	C:\WINDOWS\SYSTEM32\MSVCR120.dll
0x00007ffd7b410000 - 0x00007ffd7b450000 	C:\Users\amedi\AppData\Local\Temp\QtJambi_amedi_amd64_4.8.7_msvc2013x64-20150908-1314\lib\qtjambi.dll
0x00007ffd718f0000 - 0x00007ffd71a1f000 	C:\Users\amedi\AppData\Local\Temp\QtJambi_amedi_amd64_4.8.7_msvc2013x64-20150908-1314\lib\com_trolltech_qt_core.dll
0x0000000077690000 - 0x0000000077ffe000 	C:\Users\amedi\AppData\Local\Temp\QtJambi_amedi_amd64_4.8.7_msvc2013x64-20150908-1314\lib\QtGui4.dll
0x00007ffde8320000 - 0x00007ffde840d000 	C:\WINDOWS\System32\COMDLG32.dll
0x00007ffdcc370000 - 0x00007ffdcc429000 	C:\WINDOWS\SYSTEM32\WINSPOOL.DRV
0x00007ffde6110000 - 0x00007ffde616f000 	C:\WINDOWS\SYSTEM32\cfgmgr32.dll
0x00007ffd67c80000 - 0x00007ffd683af000 	C:\Users\amedi\AppData\Local\Temp\QtJambi_amedi_amd64_4.8.7_msvc2013x64-20150908-1314\lib\com_trolltech_qt_gui.dll
0x00007ffde3230000 - 0x00007ffde32dd000 	C:\WINDOWS\system32\uxtheme.dll
0x00007ffde8080000 - 0x00007ffde81db000 	C:\WINDOWS\System32\MSCTF.dll
0x00007ffddc9b0000 - 0x00007ffddc9bd000 	C:\Users\amedi\AppData\Local\Temp\QtJambi_amedi_amd64_4.8.7_msvc2013x64-20150908-1314\plugins\imageformats\qgif4.dll
0x00007ffdc54b0000 - 0x00007ffdc54be000 	C:\Users\amedi\AppData\Local\Temp\QtJambi_amedi_amd64_4.8.7_msvc2013x64-20150908-1314\plugins\imageformats\qico4.dll
0x00007ffd72940000 - 0x00007ffd7297d000 	C:\Users\amedi\AppData\Local\Temp\QtJambi_amedi_amd64_4.8.7_msvc2013x64-20150908-1314\plugins\imageformats\qjpeg4.dll
0x00007ffd72440000 - 0x00007ffd72489000 	C:\Users\amedi\AppData\Local\Temp\QtJambi_amedi_amd64_4.8.7_msvc2013x64-20150908-1314\plugins\imageformats\qmng4.dll
0x00007ffd71890000 - 0x00007ffd718eb000 	C:\Users\amedi\AppData\Local\Temp\QtJambi_amedi_amd64_4.8.7_msvc2013x64-20150908-1314\plugins\imageformats\qtiff4.dll
0x00007ffdcdfd0000 - 0x00007ffdce115000 	C:\WINDOWS\SYSTEM32\textinputframework.dll
0x00007ffddc500000 - 0x00007ffddc625000 	C:\WINDOWS\SYSTEM32\CoreMessaging.dll
0x00007ffdd98a0000 - 0x00007ffdd9b83000 	C:\WINDOWS\SYSTEM32\CoreUIComponents.dll
0x00007ffde1d60000 - 0x00007ffde1ec8000 	C:\WINDOWS\SYSTEM32\wintypes.dll
0x00007ffde5b00000 - 0x00007ffde5b0c000 	C:\WINDOWS\SYSTEM32\CRYPTBASE.DLL
0x00007ffdbd6b0000 - 0x00007ffdbd764000 	C:\WINDOWS\WinSxS\amd64_microsoft.windows.common-controls_6595b64144ccf1df_5.82.26100.1882_none_87f34cef7a28f535\comctl32.dll
0x00007ffde79e0000 - 0x00007ffde7a88000 	C:\WINDOWS\System32\clbcatq.dll
0x00007ffdae3c0000 - 0x00007ffdae41a000 	C:\WINDOWS\system32\dataexchange.dll
0x00007ffdd2d60000 - 0x00007ffdd2f97000 	C:\WINDOWS\system32\twinapi.appcore.dll
0x00007ffdd1980000 - 0x00007ffdd1b37000 	C:\WINDOWS\SYSTEM32\AudioSes.DLL
0x00007ffdc6240000 - 0x00007ffdc6271000 	C:\WINDOWS\SYSTEM32\winmmbase.dll
0x00007ffdda8f0000 - 0x00007ffdda980000 	C:\WINDOWS\SYSTEM32\MMDevAPI.DLL
0x00007ffdb69c0000 - 0x00007ffdb6a08000 	C:\WINDOWS\SYSTEM32\wdmaud.drv
0x00007ffde60e0000 - 0x00007ffde610d000 	C:\WINDOWS\SYSTEM32\DEVOBJ.dll
0x00007ffdc5500000 - 0x00007ffdc550f000 	C:\WINDOWS\SYSTEM32\msacm32.drv
0x00007ffdac4e0000 - 0x00007ffdac501000 	C:\WINDOWS\SYSTEM32\MSACM32.dll
0x00007ffde2e60000 - 0x00007ffde2e6c000 	C:\WINDOWS\SYSTEM32\midimap.dll
0x00007ffde3ad0000 - 0x00007ffde3ae4000 	C:\WINDOWS\SYSTEM32\resourcepolicyclient.dll
0x00007ffdde470000 - 0x00007ffdde47b000 	C:\WINDOWS\SYSTEM32\AVRT.dll

dbghelp: loaded successfully - version: 4.0.5 - missing functions: none
symbol engine: initialized successfully - sym options: 0x614 - pdb path: .;C:\Users\amedi\.jdks\openjdk-22\bin;C:\WINDOWS\SYSTEM32;C:\WINDOWS\WinSxS\amd64_microsoft.windows.common-controls_6595b64144ccf1df_6.0.26100.2161_none_3e0cadb0e33078e1;C:\Users\amedi\.jdks\openjdk-22\bin\server;C:\Program Files\JetBrains\IntelliJ IDEA 2024.2.3\bin;C:\Users\amedi\AppData\Local\Temp\QtJambi_amedi_amd64_4.8.7_msvc2013x64-20150908-1314\lib;C:\Users\amedi\AppData\Local\Temp\QtJambi_amedi_amd64_4.8.7_msvc2013x64-20150908-1314\plugins\imageformats;C:\WINDOWS\WinSxS\amd64_microsoft.windows.common-controls_6595b64144ccf1df_5.82.26100.1882_none_87f34cef7a28f535

VM Arguments:
jvm_args: -javaagent:C:\Program Files\JetBrains\IntelliJ IDEA 2024.2.3\lib\idea_rt.jar=57681:C:\Program Files\JetBrains\IntelliJ IDEA 2024.2.3\bin -Dfile.encoding=UTF-8 -Dsun.stdout.encoding=UTF-8 -Dsun.stderr.encoding=UTF-8 
java_command: Main
java_class_path (initial): B:\ProyectosJava\DI\GestionVehiculosMultiplataforma_Antonio\GestionVehiculosMultiplataforma_AntonioMC\out\production\GestionVehiculosMultiplataforma_AntonioMC;C:\qtjambi\qtjambi-4.8.7.jar;C:\qtjambi\qtjambi-designer-4.8.7.jar;C:\qtjambi\qtjambi-examples-4.8.7.jar;C:\qtjambi\qtjambi-native-win64-msvc2013x64-4.8.7.jar
Launcher Type: SUN_STANDARD

[Global flags]
     intx CICompilerCount                          = 4                                         {product} {ergonomic}
     uint ConcGCThreads                            = 2                                         {product} {ergonomic}
     uint G1ConcRefinementThreads                  = 8                                         {product} {ergonomic}
   size_t G1HeapRegionSize                         = 2097152                                   {product} {ergonomic}
   size_t InitialHeapSize                          = 264241152                                 {product} {ergonomic}
   size_t MarkStackSize                            = 4194304                                   {product} {ergonomic}
   size_t MaxHeapSize                              = 4215275520                                {product} {ergonomic}
   size_t MaxNewSize                               = 2529165312                                {product} {ergonomic}
   size_t MinHeapDeltaBytes                        = 2097152                                   {product} {ergonomic}
   size_t MinHeapSize                              = 8388608                                   {product} {ergonomic}
    uintx NonNMethodCodeHeapSize                   = 5839372                                {pd product} {ergonomic}
    uintx NonProfiledCodeHeapSize                  = 122909434                              {pd product} {ergonomic}
    uintx ProfiledCodeHeapSize                     = 122909434                              {pd product} {ergonomic}
    uintx ReservedCodeCacheSize                    = 251658240                              {pd product} {ergonomic}
     bool SegmentedCodeCache                       = true                                      {product} {ergonomic}
   size_t SoftMaxHeapSize                          = 4215275520                             {manageable} {ergonomic}
     bool UseCompressedOops                        = true                           {product lp64_product} {ergonomic}
     bool UseG1GC                                  = true                                      {product} {ergonomic}
     bool UseLargePagesIndividualAllocation        = false                                  {pd product} {ergonomic}

Logging:
Log output configuration:
 #0: stdout all=warning uptime,level,tags foldmultilines=false
 #1: stderr all=off uptime,level,tags foldmultilines=false

Environment Variables:
PATH=C:\Program Files\Python310\Scripts\;C:\Program Files\Python310\;C:\Program Files\Common Files\Oracle\Java\javapath;C:\Program Files (x86)\Common Files\Oracle\Java\java8path;C:\Program Files (x86)\Common Files\Oracle\Java\javapath;C:\WINDOWS\system32;C:\WINDOWS;C:\WINDOWS\System32\Wbem;C:\WINDOWS\System32\WindowsPowerShell\v1.0\;C:\WINDOWS\System32\OpenSSH\;C:\Program Files\Python310;C:\Program Files\AutoFirma\AutoFirma;C:\Program Files\dotnet\;C:\Program Files\Docker\Docker\resources\bin;C:\Program Files\Git\cmd;C:\Users\amedi\AppData\Local\Microsoft\WindowsApps;C:\Users\amedi\AppData\Local\JetBrains\WebStorm 2022.2.3\bin;;C:\Users\amedi\AppData\Local\Programs\Microsoft VS Code\bin;C:\Users\amedi\AppData\Local\Programs\Git\cmd;
USERNAME=amedi
OS=Windows_NT
PROCESSOR_IDENTIFIER=Intel64 Family 6 Model 140 Stepping 1, GenuineIntel
TMP=C:\Users\amedi\AppData\Local\Temp
TEMP=C:\Users\amedi\AppData\Local\Temp




Periodic native trim disabled

---------------  S Y S T E M  ---------------

OS:
 Windows 11 , 64 bit Build 26100 (10.0.26100.2161)
OS uptime: 0 days 4:12 hours
Hyper-V role detected

CPU: total 8 (initial active 8) (4 cores per cpu, 2 threads per core) family 6 model 140 stepping 1 microcode 0x86, cx8, cmov, fxsr, ht, mmx, 3dnowpref, sse, sse2, sse3, ssse3, sse4.1, sse4.2, popcnt, lzcnt, tsc, tscinvbit, avx, avx2, aes, erms, clmul, bmi1, bmi2, adx, avx512f, avx512dq, avx512cd, avx512bw, avx512vl, sha, fma, vzeroupper, avx512_vpopcntdq, avx512_vpclmulqdq, avx512_vaes, avx512_vnni, clflush, clflushopt, clwb, avx512_vbmi2, avx512_vbmi, hv, rdtscp, rdpid, fsrm, gfni, avx512_bitalg, f16c, cet_ibt, cet_ss, avx512_ifma
Processor Information for all 8 processors :
  Max Mhz: 2803, Current Mhz: 2803, Mhz Limit: 2803

Memory: 4k page, system-wide physical 16078M (4375M free)
TotalPageFile size 24782M (AvailPageFile size 3695M)
current process WorkingSet (physical memory assigned to process): 89M, peak: 125M
current process commit charge ("private bytes"): 117M, peak: 388M

vm_info: OpenJDK 64-Bit Server VM (22+36-2370) for windows-amd64 JRE (22+36-2370), built on 2024-02-15T22:15:19Z by "mach5one" with MS VC++ 17.6 (VS2022)

END.
